denovo_map.pl version _VERSION_ started at 2025-10-02 10:27:33
/data/users/sousal/programs/stacks-2.64/scripts/denovo_map.pl --samples /data/users/sousal/03_compare_methods/02_filtered-adaptor-rmv-q30-l60-L60 --popmap ../popmap-phylo29.txt -o ./phylo -M 3 -n 3 -T 14

ustacks
==========

Sample 1 of 29 'caes1'
----------
/data/users/sousal/programs/stacks-2.64/ustacks -t gzfastq -f /data/users/sousal/03_compare_methods/02_filtered-adaptor-rmv-q30-l60-L60/caes1.fq.gz -o ./phylo -i 1 -M 3 -p 14
ustacks parameters selected:
  Input file: '/data/users/sousal/03_compare_methods/02_filtered-adaptor-rmv-q30-l60-L60/caes1.fq.gz'
  Sample ID: 1
  Min depth of coverage to create a stack (m): 3
  Repeat removal algorithm: enabled
  Max distance allowed between stacks (M): 3
  Max distance allowed to align secondary reads: 5
  Max number of stacks allowed per de novo locus: 3
  Deleveraging algorithm: disabled
  Gapped assembly: enabled
  Minimum alignment length: 0.8
  Model type: SNP
  Alpha significance level for model: 0.05

Loading RAD-Tags...
Warning: Input reads contained 761 uncalled nucleotides.

Loaded 638960 reads; formed:
  44117 stacks representing 388277 primary reads (60.8%)
  220098 secondary stacks representing 250683 secondary reads (39.2%)

Stack coverage: mean=8.80; stdev=48.66; max=6557; n_reads=388277(60.8%)
Removing repetitive stacks: cov > 155 (mean+3*stdev)...
  Blacklisted 662 stacks.
Coverage after repeat removal: mean=7.84; stdev=7.14; max=155; n_reads=340521(53.3%)

Assembling stacks (max. dist. M=3)...
  Assembled 43455 stacks into 41093; blacklisted 35 stacks.
Coverage after assembling stacks: mean=8.25; stdev=7.62; max=159; n_reads=338380(53.0%)

Merging secondary stacks (max. dist. N=5 from consensus)...
  Merged 60643 out of 250683 secondary reads (24.2%), 9508 merged with gapped alignments.
Coverage after merging secondary stacks: mean=9.73; stdev=9.39; max=219; n_reads=399023(62.4%)

Assembling stacks, allowing for gaps (min. match length 80.0%)...
  Assembled 41093 stacks into 39075 stacks.
Coverage after gapped assembly: mean=10.24; stdev=10.22; max=343; n_reads=399023(62.4%)

Merging secondary stacks, allowing for gaps (min. match length 80.0%)...
  Merged 31360 out of 190040 secondary reads (16.5%).
Coverage after merging gapped secondary stacks: mean=11.04; stdev=11.16; max=353; n_reads=430383(67.4%)

Final number of stacks built: 39075
Final coverage: mean=11.04; stdev=11.16; max=353; n_reads=430383(67.4%)
Calling consensus sequences and haplotypes for catalog assembly...
Writing tags, SNPs, and alleles files to './phylo/caes1'...done.
ustacks is done.

Sample 2 of 29 'caes12'
----------
/data/users/sousal/programs/stacks-2.64/ustacks -t gzfastq -f /data/users/sousal/03_compare_methods/02_filtered-adaptor-rmv-q30-l60-L60/caes12.fq.gz -o ./phylo -i 2 -M 3 -p 14
ustacks parameters selected:
  Input file: '/data/users/sousal/03_compare_methods/02_filtered-adaptor-rmv-q30-l60-L60/caes12.fq.gz'
  Sample ID: 2
  Min depth of coverage to create a stack (m): 3
  Repeat removal algorithm: enabled
  Max distance allowed between stacks (M): 3
  Max distance allowed to align secondary reads: 5
  Max number of stacks allowed per de novo locus: 3
  Deleveraging algorithm: disabled
  Gapped assembly: enabled
  Minimum alignment length: 0.8
  Model type: SNP
  Alpha significance level for model: 0.05

Loading RAD-Tags...
Warning: Input reads contained 390 uncalled nucleotides.

Loaded 580032 reads; formed:
  39175 stacks representing 442256 primary reads (76.2%)
  123076 secondary stacks representing 137776 secondary reads (23.8%)

Stack coverage: mean=11.29; stdev=100.76; max=11328; n_reads=442256(76.2%)
Removing repetitive stacks: cov > 314 (mean+3*stdev)...
  Blacklisted 1037 stacks.
Coverage after repeat removal: mean=9.35; stdev=9.79; max=310; n_reads=356553(61.5%)

Assembling stacks (max. dist. M=3)...
  Assembled 38138 stacks into 35685; blacklisted 51 stacks.
Coverage after assembling stacks: mean=9.89; stdev=10.09; max=310; n_reads=352171(60.7%)

Merging secondary stacks (max. dist. N=5 from consensus)...
  Merged 58983 out of 137776 secondary reads (42.8%), 8729 merged with gapped alignments.
Coverage after merging secondary stacks: mean=11.55; stdev=11.86; max=360; n_reads=411154(70.9%)

Assembling stacks, allowing for gaps (min. match length 80.0%)...
  Assembled 35685 stacks into 33623 stacks.
Coverage after gapped assembly: mean=12.26; stdev=12.80; max=459; n_reads=411154(70.9%)

Merging secondary stacks, allowing for gaps (min. match length 80.0%)...
  Merged 29942 out of 78793 secondary reads (38.0%).
Coverage after merging gapped secondary stacks: mean=13.15; stdev=14.03; max=462; n_reads=441096(76.0%)

Final number of stacks built: 33623
Final coverage: mean=13.15; stdev=14.03; max=462; n_reads=441096(76.0%)
Calling consensus sequences and haplotypes for catalog assembly...
Writing tags, SNPs, and alleles files to './phylo/caes12'...done.
ustacks is done.

Sample 3 of 29 'caes3'
----------
/data/users/sousal/programs/stacks-2.64/ustacks -t gzfastq -f /data/users/sousal/03_compare_methods/02_filtered-adaptor-rmv-q30-l60-L60/caes3.fq.gz -o ./phylo -i 3 -M 3 -p 14
ustacks parameters selected:
  Input file: '/data/users/sousal/03_compare_methods/02_filtered-adaptor-rmv-q30-l60-L60/caes3.fq.gz'
  Sample ID: 3
  Min depth of coverage to create a stack (m): 3
  Repeat removal algorithm: enabled
  Max distance allowed between stacks (M): 3
  Max distance allowed to align secondary reads: 5
  Max number of stacks allowed per de novo locus: 3
  Deleveraging algorithm: disabled
  Gapped assembly: enabled
  Minimum alignment length: 0.8
  Model type: SNP
  Alpha significance level for model: 0.05

Loading RAD-Tags...
Warning: Input reads contained 545 uncalled nucleotides.

Loaded 565182 reads; formed:
  40028 stacks representing 378073 primary reads (66.9%)
  168083 secondary stacks representing 187109 secondary reads (33.1%)

Stack coverage: mean=9.45; stdev=26.57; max=2652; n_reads=378073(66.9%)
Removing repetitive stacks: cov > 90 (mean+3*stdev)...
  Blacklisted 398 stacks.
Coverage after repeat removal: mean=8.84; stdev=7.49; max=89; n_reads=350368(62.0%)

Assembling stacks (max. dist. M=3)...
  Assembled 39630 stacks into 36324; blacklisted 43 stacks.
Coverage after assembling stacks: mean=9.62; stdev=8.31; max=129; n_reads=348411(61.6%)

Merging secondary stacks (max. dist. N=5 from consensus)...
  Merged 67401 out of 187109 secondary reads (36.0%), 9886 merged with gapped alignments.
Coverage after merging secondary stacks: mean=11.48; stdev=10.07; max=183; n_reads=415812(73.6%)

Assembling stacks, allowing for gaps (min. match length 80.0%)...
  Assembled 36324 stacks into 34008 stacks.
Coverage after gapped assembly: mean=12.27; stdev=10.96; max=319; n_reads=415812(73.6%)

Merging secondary stacks, allowing for gaps (min. match length 80.0%)...
  Merged 33799 out of 119708 secondary reads (28.2%).
Coverage after merging gapped secondary stacks: mean=13.26; stdev=11.91; max=333; n_reads=449611(79.6%)

Final number of stacks built: 34008
Final coverage: mean=13.26; stdev=11.91; max=333; n_reads=449611(79.6%)
Calling consensus sequences and haplotypes for catalog assembly...
Writing tags, SNPs, and alleles files to './phylo/caes3'...done.
ustacks is done.

Sample 4 of 29 'caes7'
----------
/data/users/sousal/programs/stacks-2.64/ustacks -t gzfastq -f /data/users/sousal/03_compare_methods/02_filtered-adaptor-rmv-q30-l60-L60/caes7.fq.gz -o ./phylo -i 4 -M 3 -p 14
ustacks parameters selected:
  Input file: '/data/users/sousal/03_compare_methods/02_filtered-adaptor-rmv-q30-l60-L60/caes7.fq.gz'
  Sample ID: 4
  Min depth of coverage to create a stack (m): 3
  Repeat removal algorithm: enabled
  Max distance allowed between stacks (M): 3
  Max distance allowed to align secondary reads: 5
  Max number of stacks allowed per de novo locus: 3
  Deleveraging algorithm: disabled
  Gapped assembly: enabled
  Minimum alignment length: 0.8
  Model type: SNP
  Alpha significance level for model: 0.05

Loading RAD-Tags...
Warning: Input reads contained 623 uncalled nucleotides.

Loaded 632731 reads; formed:
  41084 stacks representing 471894 primary reads (74.6%)
  144908 secondary stacks representing 160837 secondary reads (25.4%)

Stack coverage: mean=11.49; stdev=61.31; max=7556; n_reads=471894(74.6%)
Removing repetitive stacks: cov > 196 (mean+3*stdev)...
  Blacklisted 770 stacks.
Coverage after repeat removal: mean=10.30; stdev=9.26; max=193; n_reads=415318(65.6%)

Assembling stacks (max. dist. M=3)...
  Assembled 40314 stacks into 37333; blacklisted 38 stacks.
Coverage after assembling stacks: mean=11.08; stdev=9.90; max=193; n_reads=412580(65.2%)

Merging secondary stacks (max. dist. N=5 from consensus)...
  Merged 69575 out of 160837 secondary reads (43.3%), 10580 merged with gapped alignments.
Coverage after merging secondary stacks: mean=12.94; stdev=11.76; max=251; n_reads=482155(76.2%)

Assembling stacks, allowing for gaps (min. match length 80.0%)...
  Assembled 37333 stacks into 35120 stacks.
Coverage after gapped assembly: mean=13.76; stdev=12.70; max=383; n_reads=482155(76.2%)

Merging secondary stacks, allowing for gaps (min. match length 80.0%)...
  Merged 32827 out of 91262 secondary reads (36.0%).
Coverage after merging gapped secondary stacks: mean=14.70; stdev=13.61; max=386; n_reads=514982(81.4%)

Final number of stacks built: 35120
Final coverage: mean=14.70; stdev=13.61; max=386; n_reads=514982(81.4%)
Calling consensus sequences and haplotypes for catalog assembly...
Writing tags, SNPs, and alleles files to './phylo/caes7'...done.
ustacks is done.

Sample 5 of 29 'caes8'
----------
/data/users/sousal/programs/stacks-2.64/ustacks -t gzfastq -f /data/users/sousal/03_compare_methods/02_filtered-adaptor-rmv-q30-l60-L60/caes8.fq.gz -o ./phylo -i 5 -M 3 -p 14
ustacks parameters selected:
  Input file: '/data/users/sousal/03_compare_methods/02_filtered-adaptor-rmv-q30-l60-L60/caes8.fq.gz'
  Sample ID: 5
  Min depth of coverage to create a stack (m): 3
  Repeat removal algorithm: enabled
  Max distance allowed between stacks (M): 3
  Max distance allowed to align secondary reads: 5
  Max number of stacks allowed per de novo locus: 3
  Deleveraging algorithm: disabled
  Gapped assembly: enabled
  Minimum alignment length: 0.8
  Model type: SNP
  Alpha significance level for model: 0.05

Loading RAD-Tags...
Warning: Input reads contained 719 uncalled nucleotides.

Loaded 670379 reads; formed:
  41801 stacks representing 505336 primary reads (75.4%)
  148936 secondary stacks representing 165043 secondary reads (24.6%)

Stack coverage: mean=12.09; stdev=91.94; max=11752; n_reads=505336(75.4%)
Removing repetitive stacks: cov > 288 (mean+3*stdev)...
  Blacklisted 1071 stacks.
Coverage after repeat removal: mean=10.46; stdev=10.38; max=281; n_reads=425836(63.5%)

Assembling stacks (max. dist. M=3)...
  Assembled 40730 stacks into 37570; blacklisted 55 stacks.
Coverage after assembling stacks: mean=11.25; stdev=10.94; max=282; n_reads=421437(62.9%)

Merging secondary stacks (max. dist. N=5 from consensus)...
  Merged 75238 out of 165043 secondary reads (45.6%), 11253 merged with gapped alignments.
Coverage after merging secondary stacks: mean=13.25; stdev=13.06; max=364; n_reads=496675(74.1%)

Assembling stacks, allowing for gaps (min. match length 80.0%)...
  Assembled 37570 stacks into 35437 stacks.
Coverage after gapped assembly: mean=14.05; stdev=13.98; max=470; n_reads=496675(74.1%)

Merging secondary stacks, allowing for gaps (min. match length 80.0%)...
  Merged 31744 out of 89805 secondary reads (35.3%).
Coverage after merging gapped secondary stacks: mean=14.95; stdev=15.07; max=475; n_reads=528419(78.8%)

Final number of stacks built: 35437
Final coverage: mean=14.95; stdev=15.07; max=475; n_reads=528419(78.8%)
Calling consensus sequences and haplotypes for catalog assembly...
Writing tags, SNPs, and alleles files to './phylo/caes8'...done.
ustacks is done.

Sample 6 of 29 'caes9'
----------
/data/users/sousal/programs/stacks-2.64/ustacks -t gzfastq -f /data/users/sousal/03_compare_methods/02_filtered-adaptor-rmv-q30-l60-L60/caes9.fq.gz -o ./phylo -i 6 -M 3 -p 14
ustacks parameters selected:
  Input file: '/data/users/sousal/03_compare_methods/02_filtered-adaptor-rmv-q30-l60-L60/caes9.fq.gz'
  Sample ID: 6
  Min depth of coverage to create a stack (m): 3
  Repeat removal algorithm: enabled
  Max distance allowed between stacks (M): 3
  Max distance allowed to align secondary reads: 5
  Max number of stacks allowed per de novo locus: 3
  Deleveraging algorithm: disabled
  Gapped assembly: enabled
  Minimum alignment length: 0.8
  Model type: SNP
  Alpha significance level for model: 0.05

Loading RAD-Tags...
Warning: Input reads contained 634 uncalled nucleotides.

Loaded 667921 reads; formed:
  42472 stacks representing 482509 primary reads (72.2%)
  164918 secondary stacks representing 185412 secondary reads (27.8%)

Stack coverage: mean=11.36; stdev=78.10; max=10129; n_reads=482509(72.2%)
Removing repetitive stacks: cov > 246 (mean+3*stdev)...
  Blacklisted 1001 stacks.
Coverage after repeat removal: mean=9.81; stdev=9.51; max=244; n_reads=406833(60.9%)

Assembling stacks (max. dist. M=3)...
  Assembled 41471 stacks into 38895; blacklisted 51 stacks.
Coverage after assembling stacks: mean=10.40; stdev=10.08; max=247; n_reads=403563(60.4%)

Merging secondary stacks (max. dist. N=5 from consensus)...
  Merged 66932 out of 185412 secondary reads (36.1%), 10495 merged with gapped alignments.
Coverage after merging secondary stacks: mean=12.13; stdev=12.02; max=284; n_reads=470495(70.4%)

Assembling stacks, allowing for gaps (min. match length 80.0%)...
  Assembled 38895 stacks into 37040 stacks.
Coverage after gapped assembly: mean=12.74; stdev=12.93; max=432; n_reads=470495(70.4%)

Merging secondary stacks, allowing for gaps (min. match length 80.0%)...
  Merged 31809 out of 118480 secondary reads (26.8%).
Coverage after merging gapped secondary stacks: mean=13.60; stdev=14.00; max=469; n_reads=502304(75.2%)

Final number of stacks built: 37040
Final coverage: mean=13.60; stdev=14.00; max=469; n_reads=502304(75.2%)
Calling consensus sequences and haplotypes for catalog assembly...
Writing tags, SNPs, and alleles files to './phylo/caes9'...done.
ustacks is done.

Sample 7 of 29 'duse11'
----------
/data/users/sousal/programs/stacks-2.64/ustacks -t gzfastq -f /data/users/sousal/03_compare_methods/02_filtered-adaptor-rmv-q30-l60-L60/duse11.fq.gz -o ./phylo -i 7 -M 3 -p 14
ustacks parameters selected:
  Input file: '/data/users/sousal/03_compare_methods/02_filtered-adaptor-rmv-q30-l60-L60/duse11.fq.gz'
  Sample ID: 7
  Min depth of coverage to create a stack (m): 3
  Repeat removal algorithm: enabled
  Max distance allowed between stacks (M): 3
  Max distance allowed to align secondary reads: 5
  Max number of stacks allowed per de novo locus: 3
  Deleveraging algorithm: disabled
  Gapped assembly: enabled
  Minimum alignment length: 0.8
  Model type: SNP
  Alpha significance level for model: 0.05

Loading RAD-Tags...
Warning: Input reads contained 514 uncalled nucleotides.

Loaded 620715 reads; formed:
  43824 stacks representing 462001 primary reads (74.4%)
  140154 secondary stacks representing 158714 secondary reads (25.6%)

Stack coverage: mean=10.54; stdev=92.61; max=12051; n_reads=462001(74.4%)
Removing repetitive stacks: cov > 289 (mean+3*stdev)...
  Blacklisted 1091 stacks.
Coverage after repeat removal: mean=8.81; stdev=9.51; max=278; n_reads=376511(60.7%)

Assembling stacks (max. dist. M=3)...
  Assembled 42733 stacks into 38773; blacklisted 62 stacks.
Coverage after assembling stacks: mean=9.61; stdev=9.98; max=284; n_reads=371539(59.9%)

Merging secondary stacks (max. dist. N=5 from consensus)...
  Merged 64110 out of 158714 secondary reads (40.4%), 10246 merged with gapped alignments.
Coverage after merging secondary stacks: mean=11.27; stdev=11.97; max=359; n_reads=435649(70.2%)

Assembling stacks, allowing for gaps (min. match length 80.0%)...
  Assembled 38773 stacks into 37044 stacks.
Coverage after gapped assembly: mean=11.79; stdev=12.87; max=530; n_reads=435649(70.2%)

Merging secondary stacks, allowing for gaps (min. match length 80.0%)...
  Merged 26461 out of 94604 secondary reads (28.0%).
Coverage after merging gapped secondary stacks: mean=12.51; stdev=13.90; max=535; n_reads=462110(74.4%)

Final number of stacks built: 37044
Final coverage: mean=12.51; stdev=13.90; max=535; n_reads=462110(74.4%)
Calling consensus sequences and haplotypes for catalog assembly...
Writing tags, SNPs, and alleles files to './phylo/duse11'...done.
ustacks is done.

Sample 8 of 29 'duse12'
----------
/data/users/sousal/programs/stacks-2.64/ustacks -t gzfastq -f /data/users/sousal/03_compare_methods/02_filtered-adaptor-rmv-q30-l60-L60/duse12.fq.gz -o ./phylo -i 8 -M 3 -p 14
ustacks parameters selected:
  Input file: '/data/users/sousal/03_compare_methods/02_filtered-adaptor-rmv-q30-l60-L60/duse12.fq.gz'
  Sample ID: 8
  Min depth of coverage to create a stack (m): 3
  Repeat removal algorithm: enabled
  Max distance allowed between stacks (M): 3
  Max distance allowed to align secondary reads: 5
  Max number of stacks allowed per de novo locus: 3
  Deleveraging algorithm: disabled
  Gapped assembly: enabled
  Minimum alignment length: 0.8
  Model type: SNP
  Alpha significance level for model: 0.05

Loading RAD-Tags...
Warning: Input reads contained 497 uncalled nucleotides.

Loaded 600177 reads; formed:
  44128 stacks representing 434850 primary reads (72.5%)
  145551 secondary stacks representing 165327 secondary reads (27.5%)

Stack coverage: mean=9.85; stdev=86.73; max=10475; n_reads=434850(72.5%)
Removing repetitive stacks: cov > 271 (mean+3*stdev)...
  Blacklisted 1064 stacks.
Coverage after repeat removal: mean=8.20; stdev=8.47; max=264; n_reads=353228(58.9%)

Assembling stacks (max. dist. M=3)...
  Assembled 43064 stacks into 39500; blacklisted 66 stacks.
Coverage after assembling stacks: mean=8.85; stdev=9.09; max=264; n_reads=348724(58.1%)

Merging secondary stacks (max. dist. N=5 from consensus)...
  Merged 63003 out of 165327 secondary reads (38.1%), 9554 merged with gapped alignments.
Coverage after merging secondary stacks: mean=10.45; stdev=10.87; max=289; n_reads=411727(68.6%)

Assembling stacks, allowing for gaps (min. match length 80.0%)...
  Assembled 39500 stacks into 35478 stacks.
Coverage after gapped assembly: mean=11.64; stdev=12.30; max=345; n_reads=411727(68.6%)

Merging secondary stacks, allowing for gaps (min. match length 80.0%)...
  Merged 31576 out of 102324 secondary reads (30.9%).
Coverage after merging gapped secondary stacks: mean=12.54; stdev=13.53; max=371; n_reads=443303(73.9%)

Final number of stacks built: 35478
Final coverage: mean=12.54; stdev=13.53; max=371; n_reads=443303(73.9%)
Calling consensus sequences and haplotypes for catalog assembly...
Writing tags, SNPs, and alleles files to './phylo/duse12'...done.
ustacks is done.

Sample 9 of 29 'duse2'
----------
/data/users/sousal/programs/stacks-2.64/ustacks -t gzfastq -f /data/users/sousal/03_compare_methods/02_filtered-adaptor-rmv-q30-l60-L60/duse2.fq.gz -o ./phylo -i 9 -M 3 -p 14
ustacks parameters selected:
  Input file: '/data/users/sousal/03_compare_methods/02_filtered-adaptor-rmv-q30-l60-L60/duse2.fq.gz'
  Sample ID: 9
  Min depth of coverage to create a stack (m): 3
  Repeat removal algorithm: enabled
  Max distance allowed between stacks (M): 3
  Max distance allowed to align secondary reads: 5
  Max number of stacks allowed per de novo locus: 3
  Deleveraging algorithm: disabled
  Gapped assembly: enabled
  Minimum alignment length: 0.8
  Model type: SNP
  Alpha significance level for model: 0.05

Loading RAD-Tags...
Warning: Input reads contained 447 uncalled nucleotides.

Loaded 508495 reads; formed:
  39957 stacks representing 354527 primary reads (69.7%)
  138298 secondary stacks representing 153968 secondary reads (30.3%)

Stack coverage: mean=8.87; stdev=40.75; max=4447; n_reads=354527(69.7%)
Removing repetitive stacks: cov > 132 (mean+3*stdev)...
  Blacklisted 625 stacks.
Coverage after repeat removal: mean=7.99; stdev=7.06; max=129; n_reads=314142(61.8%)

Assembling stacks (max. dist. M=3)...
  Assembled 39332 stacks into 36706; blacklisted 58 stacks.
Coverage after assembling stacks: mean=8.49; stdev=7.63; max=129; n_reads=310632(61.1%)

Merging secondary stacks (max. dist. N=5 from consensus)...
  Merged 57480 out of 153968 secondary reads (37.3%), 8782 merged with gapped alignments.
Coverage after merging secondary stacks: mean=10.06; stdev=9.57; max=371; n_reads=368112(72.4%)

Assembling stacks, allowing for gaps (min. match length 80.0%)...
  Assembled 36706 stacks into 35161 stacks.
Coverage after gapped assembly: mean=10.50; stdev=10.25; max=371; n_reads=368112(72.4%)

Merging secondary stacks, allowing for gaps (min. match length 80.0%)...
  Merged 29083 out of 96488 secondary reads (30.1%).
Coverage after merging gapped secondary stacks: mean=11.33; stdev=11.70; max=458; n_reads=397195(78.1%)

Final number of stacks built: 35161
Final coverage: mean=11.33; stdev=11.70; max=458; n_reads=397195(78.1%)
Calling consensus sequences and haplotypes for catalog assembly...
Writing tags, SNPs, and alleles files to './phylo/duse2'...done.
ustacks is done.

Sample 10 of 29 'duse23'
----------
/data/users/sousal/programs/stacks-2.64/ustacks -t gzfastq -f /data/users/sousal/03_compare_methods/02_filtered-adaptor-rmv-q30-l60-L60/duse23.fq.gz -o ./phylo -i 10 -M 3 -p 14
ustacks parameters selected:
  Input file: '/data/users/sousal/03_compare_methods/02_filtered-adaptor-rmv-q30-l60-L60/duse23.fq.gz'
  Sample ID: 10
  Min depth of coverage to create a stack (m): 3
  Repeat removal algorithm: enabled
  Max distance allowed between stacks (M): 3
  Max distance allowed to align secondary reads: 5
  Max number of stacks allowed per de novo locus: 3
  Deleveraging algorithm: disabled
  Gapped assembly: enabled
  Minimum alignment length: 0.8
  Model type: SNP
  Alpha significance level for model: 0.05

Loading RAD-Tags...
Warning: Input reads contained 729 uncalled nucleotides.

Loaded 958123 reads; formed:
  68796 stacks representing 694147 primary reads (72.4%)
  233240 secondary stacks representing 263976 secondary reads (27.6%)

Stack coverage: mean=10.09; stdev=61.19; max=7017; n_reads=694147(72.4%)
Removing repetitive stacks: cov > 194 (mean+3*stdev)...
  Blacklisted 1513 stacks.
Coverage after repeat removal: mean=8.73; stdev=8.44; max=193; n_reads=587469(61.3%)

Assembling stacks (max. dist. M=3)...
  Assembled 67283 stacks into 62359; blacklisted 54 stacks.
Coverage after assembling stacks: mean=9.38; stdev=9.09; max=197; n_reads=583351(60.9%)

Merging secondary stacks (max. dist. N=5 from consensus)...
  Merged 103565 out of 263976 secondary reads (39.2%), 15994 merged with gapped alignments.
Coverage after merging secondary stacks: mean=11.04; stdev=10.98; max=238; n_reads=686916(71.7%)

Assembling stacks, allowing for gaps (min. match length 80.0%)...
  Assembled 62359 stacks into 45478 stacks.
Coverage after gapped assembly: mean=15.15; stdev=16.64; max=370; n_reads=686916(71.7%)

Merging secondary stacks, allowing for gaps (min. match length 80.0%)...
  Merged 50216 out of 160411 secondary reads (31.3%).
Coverage after merging gapped secondary stacks: mean=16.26; stdev=17.73; max=404; n_reads=737132(76.9%)

Final number of stacks built: 45478
Final coverage: mean=16.26; stdev=17.73; max=404; n_reads=737132(76.9%)
Calling consensus sequences and haplotypes for catalog assembly...
Writing tags, SNPs, and alleles files to './phylo/duse23'...done.
ustacks is done.

Sample 11 of 29 'duse31'
----------
/data/users/sousal/programs/stacks-2.64/ustacks -t gzfastq -f /data/users/sousal/03_compare_methods/02_filtered-adaptor-rmv-q30-l60-L60/duse31.fq.gz -o ./phylo -i 11 -M 3 -p 14
ustacks parameters selected:
  Input file: '/data/users/sousal/03_compare_methods/02_filtered-adaptor-rmv-q30-l60-L60/duse31.fq.gz'
  Sample ID: 11
  Min depth of coverage to create a stack (m): 3
  Repeat removal algorithm: enabled
  Max distance allowed between stacks (M): 3
  Max distance allowed to align secondary reads: 5
  Max number of stacks allowed per de novo locus: 3
  Deleveraging algorithm: disabled
  Gapped assembly: enabled
  Minimum alignment length: 0.8
  Model type: SNP
  Alpha significance level for model: 0.05

Loading RAD-Tags...
Warning: Input reads contained 337 uncalled nucleotides.

Loaded 365086 reads; formed:
  23581 stacks representing 278008 primary reads (76.1%)
  79076 secondary stacks representing 87078 secondary reads (23.9%)

Stack coverage: mean=11.79; stdev=66.79; max=6129; n_reads=278008(76.1%)
Removing repetitive stacks: cov > 213 (mean+3*stdev)...
  Blacklisted 695 stacks.
Coverage after repeat removal: mean=10.18; stdev=9.61; max=197; n_reads=233051(63.8%)

Assembling stacks (max. dist. M=3)...
  Assembled 22886 stacks into 21444; blacklisted 47 stacks.
Coverage after assembling stacks: mean=10.67; stdev=9.86; max=203; n_reads=227853(62.4%)

Merging secondary stacks (max. dist. N=5 from consensus)...
  Merged 41109 out of 87078 secondary reads (47.2%), 6738 merged with gapped alignments.
Coverage after merging secondary stacks: mean=12.59; stdev=12.06; max=264; n_reads=268962(73.7%)

Assembling stacks, allowing for gaps (min. match length 80.0%)...
  Assembled 21444 stacks into 20536 stacks.
Coverage after gapped assembly: mean=13.15; stdev=12.85; max=350; n_reads=268962(73.7%)

Merging secondary stacks, allowing for gaps (min. match length 80.0%)...
  Merged 17904 out of 45969 secondary reads (38.9%).
Coverage after merging gapped secondary stacks: mean=14.03; stdev=13.83; max=351; n_reads=286866(78.6%)

Final number of stacks built: 20536
Final coverage: mean=14.03; stdev=13.83; max=351; n_reads=286866(78.6%)
Calling consensus sequences and haplotypes for catalog assembly...
Writing tags, SNPs, and alleles files to './phylo/duse31'...done.
ustacks is done.

Sample 12 of 29 'duse7'
----------
/data/users/sousal/programs/stacks-2.64/ustacks -t gzfastq -f /data/users/sousal/03_compare_methods/02_filtered-adaptor-rmv-q30-l60-L60/duse7.fq.gz -o ./phylo -i 12 -M 3 -p 14
ustacks parameters selected:
  Input file: '/data/users/sousal/03_compare_methods/02_filtered-adaptor-rmv-q30-l60-L60/duse7.fq.gz'
  Sample ID: 12
  Min depth of coverage to create a stack (m): 3
  Repeat removal algorithm: enabled
  Max distance allowed between stacks (M): 3
  Max distance allowed to align secondary reads: 5
  Max number of stacks allowed per de novo locus: 3
  Deleveraging algorithm: disabled
  Gapped assembly: enabled
  Minimum alignment length: 0.8
  Model type: SNP
  Alpha significance level for model: 0.05

Loading RAD-Tags...
Warning: Input reads contained 576 uncalled nucleotides.

Loaded 614348 reads; formed:
  45732 stacks representing 448924 primary reads (73.1%)
  147162 secondary stacks representing 165424 secondary reads (26.9%)

Stack coverage: mean=9.82; stdev=96.51; max=13756; n_reads=448924(73.1%)
Removing repetitive stacks: cov > 300 (mean+3*stdev)...
  Blacklisted 1161 stacks.
Coverage after repeat removal: mean=8.07; stdev=9.10; max=287; n_reads=359846(58.6%)

Assembling stacks (max. dist. M=3)...
  Assembled 44571 stacks into 40967; blacklisted 128 stacks.
Coverage after assembling stacks: mean=8.46; stdev=9.01; max=290; n_reads=345245(56.2%)

Merging secondary stacks (max. dist. N=5 from consensus)...
  Merged 61277 out of 165424 secondary reads (37.0%), 10189 merged with gapped alignments.
Coverage after merging secondary stacks: mean=9.97; stdev=10.89; max=323; n_reads=406522(66.2%)

Assembling stacks, allowing for gaps (min. match length 80.0%)...
  Assembled 40967 stacks into 39298 stacks.
Coverage after gapped assembly: mean=10.39; stdev=11.56; max=348; n_reads=406522(66.2%)

Merging secondary stacks, allowing for gaps (min. match length 80.0%)...
  Merged 32540 out of 104147 secondary reads (31.2%).
Coverage after merging gapped secondary stacks: mean=11.22; stdev=13.25; max=622; n_reads=439062(71.5%)

Final number of stacks built: 39298
Final coverage: mean=11.22; stdev=13.25; max=622; n_reads=439062(71.5%)
Calling consensus sequences and haplotypes for catalog assembly...
Writing tags, SNPs, and alleles files to './phylo/duse7'...done.
ustacks is done.

Sample 13 of 29 'miss10'
----------
/data/users/sousal/programs/stacks-2.64/ustacks -t gzfastq -f /data/users/sousal/03_compare_methods/02_filtered-adaptor-rmv-q30-l60-L60/miss10.fq.gz -o ./phylo -i 13 -M 3 -p 14
ustacks parameters selected:
  Input file: '/data/users/sousal/03_compare_methods/02_filtered-adaptor-rmv-q30-l60-L60/miss10.fq.gz'
  Sample ID: 13
  Min depth of coverage to create a stack (m): 3
  Repeat removal algorithm: enabled
  Max distance allowed between stacks (M): 3
  Max distance allowed to align secondary reads: 5
  Max number of stacks allowed per de novo locus: 3
  Deleveraging algorithm: disabled
  Gapped assembly: enabled
  Minimum alignment length: 0.8
  Model type: SNP
  Alpha significance level for model: 0.05

Loading RAD-Tags...
Warning: Input reads contained 501 uncalled nucleotides.

Loaded 504789 reads; formed:
  36088 stacks representing 377039 primary reads (74.7%)
  113522 secondary stacks representing 127750 secondary reads (25.3%)

Stack coverage: mean=10.45; stdev=96.80; max=11791; n_reads=377039(74.7%)
Removing repetitive stacks: cov > 301 (mean+3*stdev)...
  Blacklisted 938 stacks.
Coverage after repeat removal: mean=8.67; stdev=9.01; max=257; n_reads=304772(60.4%)

Assembling stacks (max. dist. M=3)...
  Assembled 35150 stacks into 33173; blacklisted 37 stacks.
Coverage after assembling stacks: mean=9.12; stdev=9.40; max=257; n_reads=301992(59.8%)

Merging secondary stacks (max. dist. N=5 from consensus)...
  Merged 51541 out of 127750 secondary reads (40.3%), 7509 merged with gapped alignments.
Coverage after merging secondary stacks: mean=10.68; stdev=11.24; max=295; n_reads=353533(70.0%)

Assembling stacks, allowing for gaps (min. match length 80.0%)...
  Assembled 33173 stacks into 29944 stacks.
Coverage after gapped assembly: mean=11.84; stdev=12.83; max=319; n_reads=353533(70.0%)

Merging secondary stacks, allowing for gaps (min. match length 80.0%)...
  Merged 25987 out of 76209 secondary reads (34.1%).
Coverage after merging gapped secondary stacks: mean=12.71; stdev=14.09; max=463; n_reads=379520(75.2%)

Final number of stacks built: 29944
Final coverage: mean=12.71; stdev=14.09; max=463; n_reads=379520(75.2%)
Calling consensus sequences and haplotypes for catalog assembly...
Writing tags, SNPs, and alleles files to './phylo/miss10'...done.
ustacks is done.

Sample 14 of 29 'miss36'
----------
/data/users/sousal/programs/stacks-2.64/ustacks -t gzfastq -f /data/users/sousal/03_compare_methods/02_filtered-adaptor-rmv-q30-l60-L60/miss36.fq.gz -o ./phylo -i 14 -M 3 -p 14
ustacks parameters selected:
  Input file: '/data/users/sousal/03_compare_methods/02_filtered-adaptor-rmv-q30-l60-L60/miss36.fq.gz'
  Sample ID: 14
  Min depth of coverage to create a stack (m): 3
  Repeat removal algorithm: enabled
  Max distance allowed between stacks (M): 3
  Max distance allowed to align secondary reads: 5
  Max number of stacks allowed per de novo locus: 3
  Deleveraging algorithm: disabled
  Gapped assembly: enabled
  Minimum alignment length: 0.8
  Model type: SNP
  Alpha significance level for model: 0.05

Loading RAD-Tags...
Warning: Input reads contained 754 uncalled nucleotides.

Loaded 645919 reads; formed:
  43050 stacks representing 481757 primary reads (74.6%)
  148641 secondary stacks representing 164162 secondary reads (25.4%)

Stack coverage: mean=11.19; stdev=51.22; max=6333; n_reads=481757(74.6%)
Removing repetitive stacks: cov > 165 (mean+3*stdev)...
  Blacklisted 716 stacks.
Coverage after repeat removal: mean=10.28; stdev=9.11; max=165; n_reads=435032(67.4%)

Assembling stacks (max. dist. M=3)...
  Assembled 42334 stacks into 38151; blacklisted 57 stacks.
Coverage after assembling stacks: mean=11.34; stdev=10.03; max=171; n_reads=431425(66.8%)

Merging secondary stacks (max. dist. N=5 from consensus)...
  Merged 77516 out of 164162 secondary reads (47.2%), 10897 merged with gapped alignments.
Coverage after merging secondary stacks: mean=13.38; stdev=11.86; max=211; n_reads=508941(78.8%)

Assembling stacks, allowing for gaps (min. match length 80.0%)...
  Assembled 38151 stacks into 35418 stacks.
Coverage after gapped assembly: mean=14.41; stdev=12.67; max=211; n_reads=508941(78.8%)

Merging secondary stacks, allowing for gaps (min. match length 80.0%)...
  Merged 33487 out of 86646 secondary reads (38.6%).
Coverage after merging gapped secondary stacks: mean=15.36; stdev=13.68; max=345; n_reads=542428(84.0%)

Final number of stacks built: 35418
Final coverage: mean=15.36; stdev=13.68; max=345; n_reads=542428(84.0%)
Calling consensus sequences and haplotypes for catalog assembly...
Writing tags, SNPs, and alleles files to './phylo/miss36'...done.
ustacks is done.

Sample 15 of 29 'miss38'
----------
/data/users/sousal/programs/stacks-2.64/ustacks -t gzfastq -f /data/users/sousal/03_compare_methods/02_filtered-adaptor-rmv-q30-l60-L60/miss38.fq.gz -o ./phylo -i 15 -M 3 -p 14
ustacks parameters selected:
  Input file: '/data/users/sousal/03_compare_methods/02_filtered-adaptor-rmv-q30-l60-L60/miss38.fq.gz'
  Sample ID: 15
  Min depth of coverage to create a stack (m): 3
  Repeat removal algorithm: enabled
  Max distance allowed between stacks (M): 3
  Max distance allowed to align secondary reads: 5
  Max number of stacks allowed per de novo locus: 3
  Deleveraging algorithm: disabled
  Gapped assembly: enabled
  Minimum alignment length: 0.8
  Model type: SNP
  Alpha significance level for model: 0.05

Loading RAD-Tags...
Warning: Input reads contained 609 uncalled nucleotides.

Loaded 566299 reads; formed:
  33759 stacks representing 433150 primary reads (76.5%)
  117236 secondary stacks representing 133149 secondary reads (23.5%)

Stack coverage: mean=12.83; stdev=208.62; max=23182; n_reads=433150(76.5%)
Removing repetitive stacks: cov > 639 (mean+3*stdev)...
  Blacklisted 2047 stacks.
Coverage after repeat removal: mean=7.75; stdev=16.22; max=602; n_reads=245710(43.4%)

Assembling stacks (max. dist. M=3)...
  Assembled 31712 stacks into 29337; blacklisted 82 stacks.
Coverage after assembling stacks: mean=7.90; stdev=11.38; max=605; n_reads=230579(40.7%)

Merging secondary stacks (max. dist. N=5 from consensus)...
  Merged 44063 out of 133149 secondary reads (33.1%), 9615 merged with gapped alignments.
Coverage after merging secondary stacks: mean=9.40; stdev=14.15; max=677; n_reads=274642(48.5%)

Assembling stacks, allowing for gaps (min. match length 80.0%)...
  Assembled 29337 stacks into 28277 stacks.
Coverage after gapped assembly: mean=9.76; stdev=14.97; max=677; n_reads=274642(48.5%)

Merging secondary stacks, allowing for gaps (min. match length 80.0%)...
  Merged 24507 out of 89086 secondary reads (27.5%).
Coverage after merging gapped secondary stacks: mean=10.63; stdev=16.91; max=677; n_reads=299149(52.8%)

Final number of stacks built: 28277
Final coverage: mean=10.63; stdev=16.91; max=677; n_reads=299149(52.8%)
Calling consensus sequences and haplotypes for catalog assembly...
Writing tags, SNPs, and alleles files to './phylo/miss38'...done.
ustacks is done.

Sample 16 of 29 'miss39'
----------
/data/users/sousal/programs/stacks-2.64/ustacks -t gzfastq -f /data/users/sousal/03_compare_methods/02_filtered-adaptor-rmv-q30-l60-L60/miss39.fq.gz -o ./phylo -i 16 -M 3 -p 14
ustacks parameters selected:
  Input file: '/data/users/sousal/03_compare_methods/02_filtered-adaptor-rmv-q30-l60-L60/miss39.fq.gz'
  Sample ID: 16
  Min depth of coverage to create a stack (m): 3
  Repeat removal algorithm: enabled
  Max distance allowed between stacks (M): 3
  Max distance allowed to align secondary reads: 5
  Max number of stacks allowed per de novo locus: 3
  Deleveraging algorithm: disabled
  Gapped assembly: enabled
  Minimum alignment length: 0.8
  Model type: SNP
  Alpha significance level for model: 0.05

Loading RAD-Tags...
Warning: Input reads contained 634 uncalled nucleotides.

Loaded 579809 reads; formed:
  36936 stacks representing 434105 primary reads (74.9%)
  128944 secondary stacks representing 145704 secondary reads (25.1%)

Stack coverage: mean=11.75; stdev=182.95; max=22846; n_reads=434105(74.9%)
Removing repetitive stacks: cov > 561 (mean+3*stdev)...
  Blacklisted 1854 stacks.
Coverage after repeat removal: mean=7.87; stdev=14.57; max=556; n_reads=276213(47.6%)

Assembling stacks (max. dist. M=3)...
  Assembled 35082 stacks into 32358; blacklisted 105 stacks.
Coverage after assembling stacks: mean=8.10; stdev=11.35; max=494; n_reads=261038(45.0%)

Merging secondary stacks (max. dist. N=5 from consensus)...
  Merged 51131 out of 145704 secondary reads (35.1%), 11179 merged with gapped alignments.
Coverage after merging secondary stacks: mean=9.69; stdev=14.85; max=797; n_reads=312169(53.8%)

Assembling stacks, allowing for gaps (min. match length 80.0%)...
  Assembled 32358 stacks into 31128 stacks.
Coverage after gapped assembly: mean=10.08; stdev=15.90; max=900; n_reads=312169(53.8%)

Merging secondary stacks, allowing for gaps (min. match length 80.0%)...
  Merged 24612 out of 94573 secondary reads (26.0%).
Coverage after merging gapped secondary stacks: mean=10.87; stdev=17.42; max=942; n_reads=336781(58.1%)

Final number of stacks built: 31128
Final coverage: mean=10.87; stdev=17.42; max=942; n_reads=336781(58.1%)
Calling consensus sequences and haplotypes for catalog assembly...
Writing tags, SNPs, and alleles files to './phylo/miss39'...done.
ustacks is done.

Sample 17 of 29 'miss40'
----------
/data/users/sousal/programs/stacks-2.64/ustacks -t gzfastq -f /data/users/sousal/03_compare_methods/02_filtered-adaptor-rmv-q30-l60-L60/miss40.fq.gz -o ./phylo -i 17 -M 3 -p 14
ustacks parameters selected:
  Input file: '/data/users/sousal/03_compare_methods/02_filtered-adaptor-rmv-q30-l60-L60/miss40.fq.gz'
  Sample ID: 17
  Min depth of coverage to create a stack (m): 3
  Repeat removal algorithm: enabled
  Max distance allowed between stacks (M): 3
  Max distance allowed to align secondary reads: 5
  Max number of stacks allowed per de novo locus: 3
  Deleveraging algorithm: disabled
  Gapped assembly: enabled
  Minimum alignment length: 0.8
  Model type: SNP
  Alpha significance level for model: 0.05

Loading RAD-Tags...
Warning: Input reads contained 528 uncalled nucleotides.

Loaded 607259 reads; formed:
  42871 stacks representing 452004 primary reads (74.4%)
  138192 secondary stacks representing 155255 secondary reads (25.6%)

Stack coverage: mean=10.54; stdev=73.42; max=8810; n_reads=452004(74.4%)
Removing repetitive stacks: cov > 231 (mean+3*stdev)...
  Blacklisted 914 stacks.
Coverage after repeat removal: mean=9.14; stdev=8.70; max=224; n_reads=383383(63.1%)

Assembling stacks (max. dist. M=3)...
  Assembled 41957 stacks into 38255; blacklisted 45 stacks.
Coverage after assembling stacks: mean=9.98; stdev=9.50; max=226; n_reads=380691(62.7%)

Merging secondary stacks (max. dist. N=5 from consensus)...
  Merged 66361 out of 155255 secondary reads (42.7%), 9423 merged with gapped alignments.
Coverage after merging secondary stacks: mean=11.72; stdev=11.18; max=253; n_reads=447052(73.6%)

Assembling stacks, allowing for gaps (min. match length 80.0%)...
  Assembled 38255 stacks into 33787 stacks.
Coverage after gapped assembly: mean=13.27; stdev=12.62; max=303; n_reads=447052(73.6%)

Merging secondary stacks, allowing for gaps (min. match length 80.0%)...
  Merged 32862 out of 88894 secondary reads (37.0%).
Coverage after merging gapped secondary stacks: mean=14.24; stdev=13.70; max=313; n_reads=479914(79.0%)

Final number of stacks built: 33787
Final coverage: mean=14.24; stdev=13.70; max=313; n_reads=479914(79.0%)
Calling consensus sequences and haplotypes for catalog assembly...
Writing tags, SNPs, and alleles files to './phylo/miss40'...done.
ustacks is done.

Sample 18 of 29 'miss58'
----------
/data/users/sousal/programs/stacks-2.64/ustacks -t gzfastq -f /data/users/sousal/03_compare_methods/02_filtered-adaptor-rmv-q30-l60-L60/miss58.fq.gz -o ./phylo -i 18 -M 3 -p 14
ustacks parameters selected:
  Input file: '/data/users/sousal/03_compare_methods/02_filtered-adaptor-rmv-q30-l60-L60/miss58.fq.gz'
  Sample ID: 18
  Min depth of coverage to create a stack (m): 3
  Repeat removal algorithm: enabled
  Max distance allowed between stacks (M): 3
  Max distance allowed to align secondary reads: 5
  Max number of stacks allowed per de novo locus: 3
  Deleveraging algorithm: disabled
  Gapped assembly: enabled
  Minimum alignment length: 0.8
  Model type: SNP
  Alpha significance level for model: 0.05

Loading RAD-Tags...
Warning: Input reads contained 459 uncalled nucleotides.

Loaded 518262 reads; formed:
  38321 stacks representing 378996 primary reads (73.1%)
  124073 secondary stacks representing 139266 secondary reads (26.9%)

Stack coverage: mean=9.89; stdev=52.80; max=6188; n_reads=378996(73.1%)
Removing repetitive stacks: cov > 169 (mean+3*stdev)...
  Blacklisted 693 stacks.
Coverage after repeat removal: mean=8.80; stdev=8.33; max=161; n_reads=331300(63.9%)

Assembling stacks (max. dist. M=3)...
  Assembled 37628 stacks into 35117; blacklisted 31 stacks.
Coverage after assembling stacks: mean=9.39; stdev=9.01; max=164; n_reads=329156(63.5%)

Merging secondary stacks (max. dist. N=5 from consensus)...
  Merged 56124 out of 139266 secondary reads (40.3%), 8231 merged with gapped alignments.
Coverage after merging secondary stacks: mean=11.00; stdev=10.71; max=203; n_reads=385280(74.3%)

Assembling stacks, allowing for gaps (min. match length 80.0%)...
  Assembled 35117 stacks into 33864 stacks.
Coverage after gapped assembly: mean=11.40; stdev=11.22; max=209; n_reads=385280(74.3%)

Merging secondary stacks, allowing for gaps (min. match length 80.0%)...
  Merged 24492 out of 83142 secondary reads (29.5%).
Coverage after merging gapped secondary stacks: mean=12.13; stdev=12.25; max=316; n_reads=409772(79.1%)

Final number of stacks built: 33864
Final coverage: mean=12.13; stdev=12.25; max=316; n_reads=409772(79.1%)
Calling consensus sequences and haplotypes for catalog assembly...
Writing tags, SNPs, and alleles files to './phylo/miss58'...done.
ustacks is done.

Sample 19 of 29 'para156'
----------
/data/users/sousal/programs/stacks-2.64/ustacks -t gzfastq -f /data/users/sousal/03_compare_methods/02_filtered-adaptor-rmv-q30-l60-L60/para156.fq.gz -o ./phylo -i 19 -M 3 -p 14
ustacks parameters selected:
  Input file: '/data/users/sousal/03_compare_methods/02_filtered-adaptor-rmv-q30-l60-L60/para156.fq.gz'
  Sample ID: 19
  Min depth of coverage to create a stack (m): 3
  Repeat removal algorithm: enabled
  Max distance allowed between stacks (M): 3
  Max distance allowed to align secondary reads: 5
  Max number of stacks allowed per de novo locus: 3
  Deleveraging algorithm: disabled
  Gapped assembly: enabled
  Minimum alignment length: 0.8
  Model type: SNP
  Alpha significance level for model: 0.05

Loading RAD-Tags...
Warning: Input reads contained 589 uncalled nucleotides.

Loaded 643798 reads; formed:
  43570 stacks representing 462267 primary reads (71.8%)
  161701 secondary stacks representing 181531 secondary reads (28.2%)

Stack coverage: mean=10.61; stdev=74.35; max=8813; n_reads=462267(71.8%)
Removing repetitive stacks: cov > 234 (mean+3*stdev)...
  Blacklisted 1088 stacks.
Coverage after repeat removal: mean=8.91; stdev=7.87; max=221; n_reads=378618(58.8%)

Assembling stacks (max. dist. M=3)...
  Assembled 42482 stacks into 39472; blacklisted 42 stacks.
Coverage after assembling stacks: mean=9.55; stdev=8.30; max=221; n_reads=375971(58.4%)

Merging secondary stacks (max. dist. N=5 from consensus)...
  Merged 63848 out of 181531 secondary reads (35.2%), 9666 merged with gapped alignments.
Coverage after merging secondary stacks: mean=11.17; stdev=10.02; max=264; n_reads=439819(68.3%)

Assembling stacks, allowing for gaps (min. match length 80.0%)...
  Assembled 39472 stacks into 37352 stacks.
Coverage after gapped assembly: mean=11.81; stdev=10.68; max=268; n_reads=439819(68.3%)

Merging secondary stacks, allowing for gaps (min. match length 80.0%)...
  Merged 33296 out of 117683 secondary reads (28.3%).
Coverage after merging gapped secondary stacks: mean=12.70; stdev=11.96; max=288; n_reads=473115(73.5%)

Final number of stacks built: 37352
Final coverage: mean=12.70; stdev=11.96; max=288; n_reads=473115(73.5%)
Calling consensus sequences and haplotypes for catalog assembly...
Writing tags, SNPs, and alleles files to './phylo/para156'...done.
ustacks is done.

Sample 20 of 29 'para16'
----------
/data/users/sousal/programs/stacks-2.64/ustacks -t gzfastq -f /data/users/sousal/03_compare_methods/02_filtered-adaptor-rmv-q30-l60-L60/para16.fq.gz -o ./phylo -i 20 -M 3 -p 14
ustacks parameters selected:
  Input file: '/data/users/sousal/03_compare_methods/02_filtered-adaptor-rmv-q30-l60-L60/para16.fq.gz'
  Sample ID: 20
  Min depth of coverage to create a stack (m): 3
  Repeat removal algorithm: enabled
  Max distance allowed between stacks (M): 3
  Max distance allowed to align secondary reads: 5
  Max number of stacks allowed per de novo locus: 3
  Deleveraging algorithm: disabled
  Gapped assembly: enabled
  Minimum alignment length: 0.8
  Model type: SNP
  Alpha significance level for model: 0.05

Loading RAD-Tags...
Warning: Input reads contained 501 uncalled nucleotides.

Loaded 676620 reads; formed:
  42845 stacks representing 499154 primary reads (73.8%)
  159775 secondary stacks representing 177466 secondary reads (26.2%)

Stack coverage: mean=11.65; stdev=85.42; max=10986; n_reads=499154(73.8%)
Removing repetitive stacks: cov > 268 (mean+3*stdev)...
  Blacklisted 1287 stacks.
Coverage after repeat removal: mean=9.70; stdev=9.03; max=230; n_reads=403278(59.6%)

Assembling stacks (max. dist. M=3)...
  Assembled 41558 stacks into 37735; blacklisted 63 stacks.
Coverage after assembling stacks: mean=10.60; stdev=9.66; max=234; n_reads=398613(58.9%)

Merging secondary stacks (max. dist. N=5 from consensus)...
  Merged 75407 out of 177466 secondary reads (42.5%), 11540 merged with gapped alignments.
Coverage after merging secondary stacks: mean=12.61; stdev=11.82; max=301; n_reads=474020(70.1%)

Assembling stacks, allowing for gaps (min. match length 80.0%)...
  Assembled 37735 stacks into 35799 stacks.
Coverage after gapped assembly: mean=13.29; stdev=12.51; max=301; n_reads=474020(70.1%)

Merging secondary stacks, allowing for gaps (min. match length 80.0%)...
  Merged 33697 out of 102059 secondary reads (33.0%).
Coverage after merging gapped secondary stacks: mean=14.23; stdev=14.16; max=508; n_reads=507717(75.0%)

Final number of stacks built: 35799
Final coverage: mean=14.23; stdev=14.16; max=508; n_reads=507717(75.0%)
Calling consensus sequences and haplotypes for catalog assembly...
Writing tags, SNPs, and alleles files to './phylo/para16'...done.
ustacks is done.

Sample 21 of 29 'para178'
----------
/data/users/sousal/programs/stacks-2.64/ustacks -t gzfastq -f /data/users/sousal/03_compare_methods/02_filtered-adaptor-rmv-q30-l60-L60/para178.fq.gz -o ./phylo -i 21 -M 3 -p 14
ustacks parameters selected:
  Input file: '/data/users/sousal/03_compare_methods/02_filtered-adaptor-rmv-q30-l60-L60/para178.fq.gz'
  Sample ID: 21
  Min depth of coverage to create a stack (m): 3
  Repeat removal algorithm: enabled
  Max distance allowed between stacks (M): 3
  Max distance allowed to align secondary reads: 5
  Max number of stacks allowed per de novo locus: 3
  Deleveraging algorithm: disabled
  Gapped assembly: enabled
  Minimum alignment length: 0.8
  Model type: SNP
  Alpha significance level for model: 0.05

Loading RAD-Tags...
Warning: Input reads contained 534 uncalled nucleotides.

Loaded 531993 reads; formed:
  40220 stacks representing 367116 primary reads (69.0%)
  144939 secondary stacks representing 164877 secondary reads (31.0%)

Stack coverage: mean=9.13; stdev=47.87; max=5808; n_reads=367116(69.0%)
Removing repetitive stacks: cov > 153 (mean+3*stdev)...
  Blacklisted 647 stacks.
Coverage after repeat removal: mean=8.06; stdev=7.01; max=152; n_reads=318763(59.9%)

Assembling stacks (max. dist. M=3)...
  Assembled 39573 stacks into 36278; blacklisted 48 stacks.
Coverage after assembling stacks: mean=8.72; stdev=7.68; max=152; n_reads=315394(59.3%)

Merging secondary stacks (max. dist. N=5 from consensus)...
  Merged 52421 out of 164877 secondary reads (31.8%), 7846 merged with gapped alignments.
Coverage after merging secondary stacks: mean=10.17; stdev=9.09; max=188; n_reads=367815(69.1%)

Assembling stacks, allowing for gaps (min. match length 80.0%)...
  Assembled 36278 stacks into 34652 stacks.
Coverage after gapped assembly: mean=10.65; stdev=9.74; max=330; n_reads=367815(69.1%)

Merging secondary stacks, allowing for gaps (min. match length 80.0%)...
  Merged 26961 out of 112456 secondary reads (24.0%).
Coverage after merging gapped secondary stacks: mean=11.43; stdev=10.94; max=342; n_reads=394776(74.2%)

Final number of stacks built: 34652
Final coverage: mean=11.43; stdev=10.94; max=342; n_reads=394776(74.2%)
Calling consensus sequences and haplotypes for catalog assembly...
Writing tags, SNPs, and alleles files to './phylo/para178'...done.
ustacks is done.

Sample 22 of 29 'para227'
----------
/data/users/sousal/programs/stacks-2.64/ustacks -t gzfastq -f /data/users/sousal/03_compare_methods/02_filtered-adaptor-rmv-q30-l60-L60/para227.fq.gz -o ./phylo -i 22 -M 3 -p 14
ustacks parameters selected:
  Input file: '/data/users/sousal/03_compare_methods/02_filtered-adaptor-rmv-q30-l60-L60/para227.fq.gz'
  Sample ID: 22
  Min depth of coverage to create a stack (m): 3
  Repeat removal algorithm: enabled
  Max distance allowed between stacks (M): 3
  Max distance allowed to align secondary reads: 5
  Max number of stacks allowed per de novo locus: 3
  Deleveraging algorithm: disabled
  Gapped assembly: enabled
  Minimum alignment length: 0.8
  Model type: SNP
  Alpha significance level for model: 0.05

Loading RAD-Tags...
Warning: Input reads contained 390 uncalled nucleotides.

Loaded 617620 reads; formed:
  45487 stacks representing 430329 primary reads (69.7%)
  163933 secondary stacks representing 187291 secondary reads (30.3%)

Stack coverage: mean=9.46; stdev=76.55; max=9979; n_reads=430329(69.7%)
Removing repetitive stacks: cov > 240 (mean+3*stdev)...
  Blacklisted 977 stacks.
Coverage after repeat removal: mean=7.97; stdev=8.06; max=238; n_reads=354931(57.5%)

Assembling stacks (max. dist. M=3)...
  Assembled 44510 stacks into 41684; blacklisted 36 stacks.
Coverage after assembling stacks: mean=8.47; stdev=8.54; max=238; n_reads=352219(57.0%)

Merging secondary stacks (max. dist. N=5 from consensus)...
  Merged 57160 out of 187291 secondary reads (30.5%), 8976 merged with gapped alignments.
Coverage after merging secondary stacks: mean=9.84; stdev=10.11; max=266; n_reads=409379(66.3%)

Assembling stacks, allowing for gaps (min. match length 80.0%)...
  Assembled 41684 stacks into 40150 stacks.
Coverage after gapped assembly: mean=10.22; stdev=10.74; max=331; n_reads=409379(66.3%)

Merging secondary stacks, allowing for gaps (min. match length 80.0%)...
  Merged 28655 out of 130131 secondary reads (22.0%).
Coverage after merging gapped secondary stacks: mean=10.93; stdev=11.82; max=378; n_reads=438034(70.9%)

Final number of stacks built: 40150
Final coverage: mean=10.93; stdev=11.82; max=378; n_reads=438034(70.9%)
Calling consensus sequences and haplotypes for catalog assembly...
Writing tags, SNPs, and alleles files to './phylo/para227'...done.
ustacks is done.

Sample 23 of 29 'para240'
----------
/data/users/sousal/programs/stacks-2.64/ustacks -t gzfastq -f /data/users/sousal/03_compare_methods/02_filtered-adaptor-rmv-q30-l60-L60/para240.fq.gz -o ./phylo -i 23 -M 3 -p 14
ustacks parameters selected:
  Input file: '/data/users/sousal/03_compare_methods/02_filtered-adaptor-rmv-q30-l60-L60/para240.fq.gz'
  Sample ID: 23
  Min depth of coverage to create a stack (m): 3
  Repeat removal algorithm: enabled
  Max distance allowed between stacks (M): 3
  Max distance allowed to align secondary reads: 5
  Max number of stacks allowed per de novo locus: 3
  Deleveraging algorithm: disabled
  Gapped assembly: enabled
  Minimum alignment length: 0.8
  Model type: SNP
  Alpha significance level for model: 0.05

Loading RAD-Tags...
Warning: Input reads contained 649 uncalled nucleotides.

Loaded 631884 reads; formed:
  41764 stacks representing 456843 primary reads (72.3%)
  157020 secondary stacks representing 175041 secondary reads (27.7%)

Stack coverage: mean=10.94; stdev=70.48; max=8734; n_reads=456843(72.3%)
Removing repetitive stacks: cov > 223 (mean+3*stdev)...
  Blacklisted 985 stacks.
Coverage after repeat removal: mean=9.38; stdev=8.77; max=223; n_reads=382388(60.5%)

Assembling stacks (max. dist. M=3)...
  Assembled 40779 stacks into 37953; blacklisted 40 stacks.
Coverage after assembling stacks: mean=10.04; stdev=9.42; max=230; n_reads=379974(60.1%)

Merging secondary stacks (max. dist. N=5 from consensus)...
  Merged 70123 out of 175041 secondary reads (40.1%), 10944 merged with gapped alignments.
Coverage after merging secondary stacks: mean=11.89; stdev=11.54; max=286; n_reads=450097(71.2%)

Assembling stacks, allowing for gaps (min. match length 80.0%)...
  Assembled 37953 stacks into 36434 stacks.
Coverage after gapped assembly: mean=12.39; stdev=12.33; max=401; n_reads=450097(71.2%)

Merging secondary stacks, allowing for gaps (min. match length 80.0%)...
  Merged 29835 out of 104918 secondary reads (28.4%).
Coverage after merging gapped secondary stacks: mean=13.21; stdev=13.62; max=487; n_reads=479932(76.0%)

Final number of stacks built: 36434
Final coverage: mean=13.21; stdev=13.62; max=487; n_reads=479932(76.0%)
Calling consensus sequences and haplotypes for catalog assembly...
Writing tags, SNPs, and alleles files to './phylo/para240'...done.
ustacks is done.

Sample 24 of 29 'para80'
----------
/data/users/sousal/programs/stacks-2.64/ustacks -t gzfastq -f /data/users/sousal/03_compare_methods/02_filtered-adaptor-rmv-q30-l60-L60/para80.fq.gz -o ./phylo -i 24 -M 3 -p 14
ustacks parameters selected:
  Input file: '/data/users/sousal/03_compare_methods/02_filtered-adaptor-rmv-q30-l60-L60/para80.fq.gz'
  Sample ID: 24
  Min depth of coverage to create a stack (m): 3
  Repeat removal algorithm: enabled
  Max distance allowed between stacks (M): 3
  Max distance allowed to align secondary reads: 5
  Max number of stacks allowed per de novo locus: 3
  Deleveraging algorithm: disabled
  Gapped assembly: enabled
  Minimum alignment length: 0.8
  Model type: SNP
  Alpha significance level for model: 0.05

Loading RAD-Tags...
Warning: Input reads contained 484 uncalled nucleotides.

Loaded 661153 reads; formed:
  44168 stacks representing 474123 primary reads (71.7%)
  167335 secondary stacks representing 187030 secondary reads (28.3%)

Stack coverage: mean=10.73; stdev=52.27; max=6364; n_reads=474123(71.7%)
Removing repetitive stacks: cov > 168 (mean+3*stdev)...
  Blacklisted 779 stacks.
Coverage after repeat removal: mean=9.59; stdev=8.28; max=155; n_reads=415962(62.9%)

Assembling stacks (max. dist. M=3)...
  Assembled 43389 stacks into 40096; blacklisted 48 stacks.
Coverage after assembling stacks: mean=10.34; stdev=8.97; max=158; n_reads=413239(62.5%)

Merging secondary stacks (max. dist. N=5 from consensus)...
  Merged 73267 out of 187030 secondary reads (39.2%), 10467 merged with gapped alignments.
Coverage after merging secondary stacks: mean=12.17; stdev=10.73; max=228; n_reads=486506(73.6%)

Assembling stacks, allowing for gaps (min. match length 80.0%)...
  Assembled 40096 stacks into 37906 stacks.
Coverage after gapped assembly: mean=12.87; stdev=11.41; max=249; n_reads=486506(73.6%)

Merging secondary stacks, allowing for gaps (min. match length 80.0%)...
  Merged 33228 out of 113763 secondary reads (29.2%).
Coverage after merging gapped secondary stacks: mean=13.75; stdev=12.63; max=373; n_reads=519734(78.6%)

Final number of stacks built: 37906
Final coverage: mean=13.75; stdev=12.63; max=373; n_reads=519734(78.6%)
Calling consensus sequences and haplotypes for catalog assembly...
Writing tags, SNPs, and alleles files to './phylo/para80'...done.
ustacks is done.

Sample 25 of 29 'send114'
----------
/data/users/sousal/programs/stacks-2.64/ustacks -t gzfastq -f /data/users/sousal/03_compare_methods/02_filtered-adaptor-rmv-q30-l60-L60/send114.fq.gz -o ./phylo -i 25 -M 3 -p 14
ustacks parameters selected:
  Input file: '/data/users/sousal/03_compare_methods/02_filtered-adaptor-rmv-q30-l60-L60/send114.fq.gz'
  Sample ID: 25
  Min depth of coverage to create a stack (m): 3
  Repeat removal algorithm: enabled
  Max distance allowed between stacks (M): 3
  Max distance allowed to align secondary reads: 5
  Max number of stacks allowed per de novo locus: 3
  Deleveraging algorithm: disabled
  Gapped assembly: enabled
  Minimum alignment length: 0.8
  Model type: SNP
  Alpha significance level for model: 0.05

Loading RAD-Tags...
Warning: Input reads contained 866 uncalled nucleotides.

Loaded 585169 reads; formed:
  41637 stacks representing 432628 primary reads (73.9%)
  133564 secondary stacks representing 152541 secondary reads (26.1%)

Stack coverage: mean=10.39; stdev=100.82; max=12027; n_reads=432628(73.9%)
Removing repetitive stacks: cov > 313 (mean+3*stdev)...
  Blacklisted 1209 stacks.
Coverage after repeat removal: mean=8.20; stdev=9.20; max=313; n_reads=331427(56.6%)

Assembling stacks (max. dist. M=3)...
  Assembled 40428 stacks into 36945; blacklisted 34 stacks.
Coverage after assembling stacks: mean=8.90; stdev=9.50; max=313; n_reads=327899(56.0%)

Merging secondary stacks (max. dist. N=5 from consensus)...
  Merged 52481 out of 152541 secondary reads (34.4%), 8804 merged with gapped alignments.
Coverage after merging secondary stacks: mean=10.32; stdev=11.23; max=352; n_reads=380380(65.0%)

Assembling stacks, allowing for gaps (min. match length 80.0%)...
  Assembled 36945 stacks into 35336 stacks.
Coverage after gapped assembly: mean=10.79; stdev=12.01; max=371; n_reads=380380(65.0%)

Merging secondary stacks, allowing for gaps (min. match length 80.0%)...
  Merged 26554 out of 100060 secondary reads (26.5%).
Coverage after merging gapped secondary stacks: mean=11.55; stdev=13.27; max=394; n_reads=406934(69.5%)

Final number of stacks built: 35336
Final coverage: mean=11.55; stdev=13.27; max=394; n_reads=406934(69.5%)
Calling consensus sequences and haplotypes for catalog assembly...
Writing tags, SNPs, and alleles files to './phylo/send114'...done.
ustacks is done.

Sample 26 of 29 'send117'
----------
/data/users/sousal/programs/stacks-2.64/ustacks -t gzfastq -f /data/users/sousal/03_compare_methods/02_filtered-adaptor-rmv-q30-l60-L60/send117.fq.gz -o ./phylo -i 26 -M 3 -p 14
ustacks parameters selected:
  Input file: '/data/users/sousal/03_compare_methods/02_filtered-adaptor-rmv-q30-l60-L60/send117.fq.gz'
  Sample ID: 26
  Min depth of coverage to create a stack (m): 3
  Repeat removal algorithm: enabled
  Max distance allowed between stacks (M): 3
  Max distance allowed to align secondary reads: 5
  Max number of stacks allowed per de novo locus: 3
  Deleveraging algorithm: disabled
  Gapped assembly: enabled
  Minimum alignment length: 0.8
  Model type: SNP
  Alpha significance level for model: 0.05

Loading RAD-Tags...
Warning: Input reads contained 252 uncalled nucleotides.

Loaded 565070 reads; formed:
  43974 stacks representing 417995 primary reads (74.0%)
  127742 secondary stacks representing 147075 secondary reads (26.0%)

Stack coverage: mean=9.51; stdev=83.16; max=10333; n_reads=417995(74.0%)
Removing repetitive stacks: cov > 259 (mean+3*stdev)...
  Blacklisted 1346 stacks.
Coverage after repeat removal: mean=7.47; stdev=7.29; max=257; n_reads=318475(56.4%)

Assembling stacks (max. dist. M=3)...
  Assembled 42628 stacks into 40505; blacklisted 41 stacks.
Coverage after assembling stacks: mean=7.81; stdev=7.49; max=261; n_reads=315375(55.8%)

Merging secondary stacks (max. dist. N=5 from consensus)...
  Merged 48557 out of 147075 secondary reads (33.0%), 7707 merged with gapped alignments.
Coverage after merging secondary stacks: mean=9.01; stdev=9.07; max=285; n_reads=363932(64.4%)

Assembling stacks, allowing for gaps (min. match length 80.0%)...
  Assembled 40505 stacks into 39351 stacks.
Coverage after gapped assembly: mean=9.27; stdev=9.75; max=338; n_reads=363932(64.4%)

Merging secondary stacks, allowing for gaps (min. match length 80.0%)...
  Merged 25444 out of 98518 secondary reads (25.8%).
Coverage after merging gapped secondary stacks: mean=9.92; stdev=10.98; max=338; n_reads=389376(68.9%)

Final number of stacks built: 39351
Final coverage: mean=9.92; stdev=10.98; max=338; n_reads=389376(68.9%)
Calling consensus sequences and haplotypes for catalog assembly...
Writing tags, SNPs, and alleles files to './phylo/send117'...done.
ustacks is done.

Sample 27 of 29 'send121'
----------
/data/users/sousal/programs/stacks-2.64/ustacks -t gzfastq -f /data/users/sousal/03_compare_methods/02_filtered-adaptor-rmv-q30-l60-L60/send121.fq.gz -o ./phylo -i 27 -M 3 -p 14
ustacks parameters selected:
  Input file: '/data/users/sousal/03_compare_methods/02_filtered-adaptor-rmv-q30-l60-L60/send121.fq.gz'
  Sample ID: 27
  Min depth of coverage to create a stack (m): 3
  Repeat removal algorithm: enabled
  Max distance allowed between stacks (M): 3
  Max distance allowed to align secondary reads: 5
  Max number of stacks allowed per de novo locus: 3
  Deleveraging algorithm: disabled
  Gapped assembly: enabled
  Minimum alignment length: 0.8
  Model type: SNP
  Alpha significance level for model: 0.05

Loading RAD-Tags...
Warning: Input reads contained 515 uncalled nucleotides.

Loaded 561134 reads; formed:
  38004 stacks representing 417965 primary reads (74.5%)
  127753 secondary stacks representing 143169 secondary reads (25.5%)

Stack coverage: mean=11.00; stdev=124.93; max=13256; n_reads=417965(74.5%)
Removing repetitive stacks: cov > 386 (mean+3*stdev)...
  Blacklisted 1310 stacks.
Coverage after repeat removal: mean=8.49; stdev=10.86; max=382; n_reads=311596(55.5%)

Assembling stacks (max. dist. M=3)...
  Assembled 36694 stacks into 34098; blacklisted 44 stacks.
Coverage after assembling stacks: mean=9.01; stdev=10.59; max=382; n_reads=306479(54.6%)

Merging secondary stacks (max. dist. N=5 from consensus)...
  Merged 55207 out of 143169 secondary reads (38.6%), 9116 merged with gapped alignments.
Coverage after merging secondary stacks: mean=10.63; stdev=12.65; max=419; n_reads=361686(64.5%)

Assembling stacks, allowing for gaps (min. match length 80.0%)...
  Assembled 34098 stacks into 30452 stacks.
Coverage after gapped assembly: mean=11.91; stdev=14.17; max=426; n_reads=361686(64.5%)

Merging secondary stacks, allowing for gaps (min. match length 80.0%)...
  Merged 30010 out of 87962 secondary reads (34.1%).
Coverage after merging gapped secondary stacks: mean=12.90; stdev=15.38; max=431; n_reads=391696(69.8%)

Final number of stacks built: 30452
Final coverage: mean=12.90; stdev=15.38; max=431; n_reads=391696(69.8%)
Calling consensus sequences and haplotypes for catalog assembly...
Writing tags, SNPs, and alleles files to './phylo/send121'...done.
ustacks is done.

Sample 28 of 29 'send54'
----------
/data/users/sousal/programs/stacks-2.64/ustacks -t gzfastq -f /data/users/sousal/03_compare_methods/02_filtered-adaptor-rmv-q30-l60-L60/send54.fq.gz -o ./phylo -i 28 -M 3 -p 14
ustacks parameters selected:
  Input file: '/data/users/sousal/03_compare_methods/02_filtered-adaptor-rmv-q30-l60-L60/send54.fq.gz'
  Sample ID: 28
  Min depth of coverage to create a stack (m): 3
  Repeat removal algorithm: enabled
  Max distance allowed between stacks (M): 3
  Max distance allowed to align secondary reads: 5
  Max number of stacks allowed per de novo locus: 3
  Deleveraging algorithm: disabled
  Gapped assembly: enabled
  Minimum alignment length: 0.8
  Model type: SNP
  Alpha significance level for model: 0.05

Loading RAD-Tags...
Warning: Input reads contained 721 uncalled nucleotides.

Loaded 558562 reads; formed:
  37603 stacks representing 412771 primary reads (73.9%)
  129929 secondary stacks representing 145791 secondary reads (26.1%)

Stack coverage: mean=10.98; stdev=107.36; max=13014; n_reads=412771(73.9%)
Removing repetitive stacks: cov > 334 (mean+3*stdev)...
  Blacklisted 1267 stacks.
Coverage after repeat removal: mean=8.72; stdev=10.22; max=334; n_reads=316832(56.7%)

Assembling stacks (max. dist. M=3)...
  Assembled 36336 stacks into 33276; blacklisted 36 stacks.
Coverage after assembling stacks: mean=9.43; stdev=10.50; max=337; n_reads=313023(56.0%)

Merging secondary stacks (max. dist. N=5 from consensus)...
  Merged 57471 out of 145791 secondary reads (39.4%), 9193 merged with gapped alignments.
Coverage after merging secondary stacks: mean=11.16; stdev=12.62; max=372; n_reads=370494(66.3%)

Assembling stacks, allowing for gaps (min. match length 80.0%)...
  Assembled 33276 stacks into 31556 stacks.
Coverage after gapped assembly: mean=11.77; stdev=13.55; max=379; n_reads=370494(66.3%)

Merging secondary stacks, allowing for gaps (min. match length 80.0%)...
  Merged 28231 out of 88320 secondary reads (32.0%).
Coverage after merging gapped secondary stacks: mean=12.67; stdev=14.67; max=383; n_reads=398725(71.4%)

Final number of stacks built: 31556
Final coverage: mean=12.67; stdev=14.67; max=383; n_reads=398725(71.4%)
Calling consensus sequences and haplotypes for catalog assembly...
Writing tags, SNPs, and alleles files to './phylo/send54'...done.
ustacks is done.

Sample 29 of 29 'send9'
----------
/data/users/sousal/programs/stacks-2.64/ustacks -t gzfastq -f /data/users/sousal/03_compare_methods/02_filtered-adaptor-rmv-q30-l60-L60/send9.fq.gz -o ./phylo -i 29 -M 3 -p 14
ustacks parameters selected:
  Input file: '/data/users/sousal/03_compare_methods/02_filtered-adaptor-rmv-q30-l60-L60/send9.fq.gz'
  Sample ID: 29
  Min depth of coverage to create a stack (m): 3
  Repeat removal algorithm: enabled
  Max distance allowed between stacks (M): 3
  Max distance allowed to align secondary reads: 5
  Max number of stacks allowed per de novo locus: 3
  Deleveraging algorithm: disabled
  Gapped assembly: enabled
  Minimum alignment length: 0.8
  Model type: SNP
  Alpha significance level for model: 0.05

Loading RAD-Tags...
Warning: Input reads contained 361 uncalled nucleotides.

Loaded 501661 reads; formed:
  33947 stacks representing 372994 primary reads (74.4%)
  114849 secondary stacks representing 128667 secondary reads (25.6%)

Stack coverage: mean=10.99; stdev=123.99; max=13748; n_reads=372994(74.4%)
Removing repetitive stacks: cov > 383 (mean+3*stdev)...
  Blacklisted 1265 stacks.
Coverage after repeat removal: mean=8.39; stdev=10.79; max=381; n_reads=274089(54.6%)

Assembling stacks (max. dist. M=3)...
  Assembled 32682 stacks into 29931; blacklisted 50 stacks.
Coverage after assembling stacks: mean=8.98; stdev=10.17; max=384; n_reads=268014(53.4%)

Merging secondary stacks (max. dist. N=5 from consensus)...
  Merged 50544 out of 128667 secondary reads (39.3%), 8898 merged with gapped alignments.
Coverage after merging secondary stacks: mean=10.67; stdev=12.33; max=426; n_reads=318558(63.5%)

Assembling stacks, allowing for gaps (min. match length 80.0%)...
  Assembled 29931 stacks into 28656 stacks.
Coverage after gapped assembly: mean=11.15; stdev=13.08; max=426; n_reads=318558(63.5%)

Merging secondary stacks, allowing for gaps (min. match length 80.0%)...
  Merged 22858 out of 78123 secondary reads (29.3%).
Coverage after merging gapped secondary stacks: mean=11.95; stdev=14.34; max=429; n_reads=341416(68.1%)

Final number of stacks built: 28656
Final coverage: mean=11.95; stdev=14.34; max=429; n_reads=341416(68.1%)
Calling consensus sequences and haplotypes for catalog assembly...
Writing tags, SNPs, and alleles files to './phylo/send9'...done.
ustacks is done.

BEGIN cov_per_sample
# Depths of Coverage for Processed Samples
sample	loci assembled	depth of cov	max cov	number reads incorporated	% reads incorporated
caes1	39075	11.04	353	430383	67.4
caes12	33623	13.15	462	441096	76.0
caes3	34008	13.26	333	449611	79.6
caes7	35120	14.70	386	514982	81.4
caes8	35437	14.95	475	528419	78.8
caes9	37040	13.60	469	502304	75.2
duse11	37044	12.51	535	462110	74.4
duse12	35478	12.54	371	443303	73.9
duse2	35161	11.33	458	397195	78.1
duse23	45478	16.26	404	737132	76.9
duse31	20536	14.03	351	286866	78.6
duse7	39298	11.22	622	439062	71.5
miss10	29944	12.71	463	379520	75.2
miss36	35418	15.36	345	542428	84.0
miss38	28277	10.63	677	299149	52.8
miss39	31128	10.87	942	336781	58.1
miss40	33787	14.24	313	479914	79.0
miss58	33864	12.13	316	409772	79.1
para156	37352	12.70	288	473115	73.5
para16	35799	14.23	508	507717	75.0
para178	34652	11.43	342	394776	74.2
para227	40150	10.93	378	438034	70.9
para240	36434	13.21	487	479932	76.0
para80	37906	13.75	373	519734	78.6
send114	35336	11.55	394	406934	69.5
send117	39351	9.92	338	389376	68.9
send121	30452	12.90	431	391696	69.8
send54	31556	12.67	383	398725	71.4
send9	28656	11.95	429	341416	68.1
END cov_per_sample

cstacks
==========
/data/users/sousal/programs/stacks-2.64/cstacks -M ../popmap-phylo29.txt -n 3 -p 14 -P ./phylo

cstacks parameters selected:
  Loci matched based on sequence identity.
  Number of mismatches allowed between stacks: 3
  Gapped alignments: enabled
Constructing catalog from 29 samples.

Initializing new catalog...
  Parsing ./phylo/caes1.tags.tsv.gz
  Parsing ./phylo/caes1.snps.tsv.gz
  Parsing ./phylo/caes1.alleles.tsv.gz
  38985 loci were newly added to the catalog.

Processing sample ./phylo/caes12 [2 of 29]
  Parsing ./phylo/caes12.tags.tsv.gz
  Parsing ./phylo/caes12.snps.tsv.gz
  Parsing ./phylo/caes12.alleles.tsv.gz
Searching for sequence matches...
  38985 loci in the catalog, 1829693 kmers in the catalog hash.
Searching for gapped alignments...
Merging matches into catalog...
  8467 loci were matched to a catalog locus.
  12683 loci were matched to a catalog locus using gapped alignments.
  12398 loci were newly added to the catalog.
  16 loci matched more than one catalog locus, linking them.
    32 linked catalog loci were merged into 16 loci.

Processing sample ./phylo/caes3 [3 of 29]
  Parsing ./phylo/caes3.tags.tsv.gz
  Parsing ./phylo/caes3.snps.tsv.gz
  Parsing ./phylo/caes3.alleles.tsv.gz
Searching for sequence matches...
  51367 loci in the catalog, 2497710 kmers in the catalog hash.
Searching for gapped alignments...
Merging matches into catalog...
  10111 loci were matched to a catalog locus.
  17491 loci were matched to a catalog locus using gapped alignments.
  6314 loci were newly added to the catalog.
  15 loci matched more than one catalog locus, linking them.
    28 linked catalog loci were merged into 14 loci.

Processing sample ./phylo/caes7 [4 of 29]
  Parsing ./phylo/caes7.tags.tsv.gz
  Parsing ./phylo/caes7.snps.tsv.gz
  Parsing ./phylo/caes7.alleles.tsv.gz
Searching for sequence matches...
  57667 loci in the catalog, 2842980 kmers in the catalog hash.
Searching for gapped alignments...
Merging matches into catalog...
  10690 loci were matched to a catalog locus.
  20076 loci were matched to a catalog locus using gapped alignments.
  4287 loci were newly added to the catalog.
  19 loci matched more than one catalog locus, linking them.
    37 linked catalog loci were merged into 18 loci.

Processing sample ./phylo/caes8 [5 of 29]
  Parsing ./phylo/caes8.tags.tsv.gz
  Parsing ./phylo/caes8.snps.tsv.gz
  Parsing ./phylo/caes8.alleles.tsv.gz
Searching for sequence matches...
  61935 loci in the catalog, 3077039 kmers in the catalog hash.
Searching for gapped alignments...
Merging matches into catalog...
  10031 loci were matched to a catalog locus.
  21996 loci were matched to a catalog locus using gapped alignments.
  3342 loci were newly added to the catalog.
  27 loci matched more than one catalog locus, linking them.
    48 linked catalog loci were merged into 22 loci.

Processing sample ./phylo/caes9 [6 of 29]
  Parsing ./phylo/caes9.tags.tsv.gz
  Parsing ./phylo/caes9.snps.tsv.gz
  Parsing ./phylo/caes9.alleles.tsv.gz
Searching for sequence matches...
  65251 loci in the catalog, 3261574 kmers in the catalog hash.
Searching for gapped alignments...
Merging matches into catalog...
  8992 loci were matched to a catalog locus.
  22696 loci were matched to a catalog locus using gapped alignments.
  5264 loci were newly added to the catalog.
  16 loci matched more than one catalog locus, linking them.
    32 linked catalog loci were merged into 16 loci.

Processing sample ./phylo/duse11 [7 of 29]
  Parsing ./phylo/duse11.tags.tsv.gz
  Parsing ./phylo/duse11.snps.tsv.gz
  Parsing ./phylo/duse11.alleles.tsv.gz
Searching for sequence matches...
  70499 loci in the catalog, 3527429 kmers in the catalog hash.
Searching for gapped alignments...
Merging matches into catalog...
  5997 loci were matched to a catalog locus.
  19852 loci were matched to a catalog locus using gapped alignments.
  11111 loci were newly added to the catalog.
  23 loci matched more than one catalog locus, linking them.
    46 linked catalog loci were merged into 23 loci.

Processing sample ./phylo/duse12 [8 of 29]
  Parsing ./phylo/duse12.tags.tsv.gz
  Parsing ./phylo/duse12.snps.tsv.gz
  Parsing ./phylo/duse12.alleles.tsv.gz
Searching for sequence matches...
  81587 loci in the catalog, 4148958 kmers in the catalog hash.
Searching for gapped alignments...
Merging matches into catalog...
  6553 loci were matched to a catalog locus.
  20118 loci were matched to a catalog locus using gapped alignments.
  8714 loci were newly added to the catalog.
  22 loci matched more than one catalog locus, linking them.
    44 linked catalog loci were merged into 22 loci.

Processing sample ./phylo/duse2 [9 of 29]
  Parsing ./phylo/duse2.tags.tsv.gz
  Parsing ./phylo/duse2.snps.tsv.gz
  Parsing ./phylo/duse2.alleles.tsv.gz
Searching for sequence matches...
  90279 loci in the catalog, 4626100 kmers in the catalog hash.
Searching for gapped alignments...
Merging matches into catalog...
  5127 loci were matched to a catalog locus.
  18218 loci were matched to a catalog locus using gapped alignments.
  11728 loci were newly added to the catalog.
  23 loci matched more than one catalog locus, linking them.
    46 linked catalog loci were merged into 23 loci.

Processing sample ./phylo/duse23 [10 of 29]
  Parsing ./phylo/duse23.tags.tsv.gz
  Parsing ./phylo/duse23.snps.tsv.gz
  Parsing ./phylo/duse23.alleles.tsv.gz
Searching for sequence matches...
  101984 loci in the catalog, 5221422 kmers in the catalog hash.
Searching for gapped alignments...
Merging matches into catalog...
  774 loci were matched to a catalog locus.
  30883 loci were matched to a catalog locus using gapped alignments.
  13716 loci were newly added to the catalog.
  43 loci matched more than one catalog locus, linking them.
    84 linked catalog loci were merged into 42 loci.

Processing sample ./phylo/duse31 [11 of 29]
  Parsing ./phylo/duse31.tags.tsv.gz
  Parsing ./phylo/duse31.snps.tsv.gz
  Parsing ./phylo/duse31.alleles.tsv.gz
Searching for sequence matches...
  115658 loci in the catalog, 5951268 kmers in the catalog hash.
Searching for gapped alignments...
Merging matches into catalog...
  1063 loci were matched to a catalog locus.
  13336 loci were matched to a catalog locus using gapped alignments.
  6060 loci were newly added to the catalog.
  9 loci matched more than one catalog locus, linking them.
    18 linked catalog loci were merged into 9 loci.

Processing sample ./phylo/duse7 [12 of 29]
  Parsing ./phylo/duse7.tags.tsv.gz
  Parsing ./phylo/duse7.snps.tsv.gz
  Parsing ./phylo/duse7.alleles.tsv.gz
Searching for sequence matches...
  121709 loci in the catalog, 6251821 kmers in the catalog hash.
Searching for gapped alignments...
Merging matches into catalog...
  1837 loci were matched to a catalog locus.
  21999 loci were matched to a catalog locus using gapped alignments.
  15320 loci were newly added to the catalog.
  33 loci matched more than one catalog locus, linking them.
    63 linked catalog loci were merged into 31 loci.

Processing sample ./phylo/miss10 [13 of 29]
  Parsing ./phylo/miss10.tags.tsv.gz
  Parsing ./phylo/miss10.snps.tsv.gz
  Parsing ./phylo/miss10.alleles.tsv.gz
Searching for sequence matches...
  136997 loci in the catalog, 6979887 kmers in the catalog hash.
Searching for gapped alignments...
Merging matches into catalog...
  1311 loci were matched to a catalog locus.
  17424 loci were matched to a catalog locus using gapped alignments.
  11145 loci were newly added to the catalog.
  11 loci matched more than one catalog locus, linking them.
    22 linked catalog loci were merged into 11 loci.

Processing sample ./phylo/miss36 [14 of 29]
  Parsing ./phylo/miss36.tags.tsv.gz
  Parsing ./phylo/miss36.snps.tsv.gz
  Parsing ./phylo/miss36.alleles.tsv.gz
Searching for sequence matches...
  148131 loci in the catalog, 7550577 kmers in the catalog hash.
Searching for gapped alignments...
Merging matches into catalog...
  2921 loci were matched to a catalog locus.
  28202 loci were matched to a catalog locus using gapped alignments.
  4244 loci were newly added to the catalog.
  47 loci matched more than one catalog locus, linking them.
    92 linked catalog loci were merged into 44 loci.

Processing sample ./phylo/miss38 [15 of 29]
  Parsing ./phylo/miss38.tags.tsv.gz
  Parsing ./phylo/miss38.snps.tsv.gz
  Parsing ./phylo/miss38.alleles.tsv.gz
Searching for sequence matches...
  152327 loci in the catalog, 7836933 kmers in the catalog hash.
Searching for gapped alignments...
Merging matches into catalog...
  1806 loci were matched to a catalog locus.
  21218 loci were matched to a catalog locus using gapped alignments.
  5158 loci were newly added to the catalog.
  38 loci matched more than one catalog locus, linking them.
    71 linked catalog loci were merged into 35 loci.

Processing sample ./phylo/miss39 [16 of 29]
  Parsing ./phylo/miss39.tags.tsv.gz
  Parsing ./phylo/miss39.snps.tsv.gz
  Parsing ./phylo/miss39.alleles.tsv.gz
Searching for sequence matches...
  157449 loci in the catalog, 8111550 kmers in the catalog hash.
Searching for gapped alignments...
Merging matches into catalog...
  1914 loci were matched to a catalog locus.
  21327 loci were matched to a catalog locus using gapped alignments.
  7771 loci were newly added to the catalog.
  32 loci matched more than one catalog locus, linking them.
    62 linked catalog loci were merged into 31 loci.

Processing sample ./phylo/miss40 [17 of 29]
  Parsing ./phylo/miss40.tags.tsv.gz
  Parsing ./phylo/miss40.snps.tsv.gz
  Parsing ./phylo/miss40.alleles.tsv.gz
Searching for sequence matches...
  165189 loci in the catalog, 8499812 kmers in the catalog hash.
Searching for gapped alignments...
Merging matches into catalog...
  3005 loci were matched to a catalog locus.
  27567 loci were matched to a catalog locus using gapped alignments.
  3165 loci were newly added to the catalog.
  45 loci matched more than one catalog locus, linking them.
    90 linked catalog loci were merged into 44 loci.

Processing sample ./phylo/miss58 [18 of 29]
  Parsing ./phylo/miss58.tags.tsv.gz
  Parsing ./phylo/miss58.snps.tsv.gz
  Parsing ./phylo/miss58.alleles.tsv.gz
Searching for sequence matches...
  168308 loci in the catalog, 8693209 kmers in the catalog hash.
Searching for gapped alignments...
Merging matches into catalog...
  1859 loci were matched to a catalog locus.
  22018 loci were matched to a catalog locus using gapped alignments.
  9946 loci were newly added to the catalog.
  36 loci matched more than one catalog locus, linking them.
    72 linked catalog loci were merged into 36 loci.

Processing sample ./phylo/para156 [19 of 29]
  Parsing ./phylo/para156.tags.tsv.gz
  Parsing ./phylo/para156.snps.tsv.gz
  Parsing ./phylo/para156.alleles.tsv.gz
Searching for sequence matches...
  178218 loci in the catalog, 9190186 kmers in the catalog hash.
Searching for gapped alignments...
Merging matches into catalog...
  2668 loci were matched to a catalog locus.
  28178 loci were matched to a catalog locus using gapped alignments.
  6434 loci were newly added to the catalog.
  39 loci matched more than one catalog locus, linking them.
    78 linked catalog loci were merged into 39 loci.

Processing sample ./phylo/para16 [20 of 29]
  Parsing ./phylo/para16.tags.tsv.gz
  Parsing ./phylo/para16.snps.tsv.gz
  Parsing ./phylo/para16.alleles.tsv.gz
Searching for sequence matches...
  184613 loci in the catalog, 9576884 kmers in the catalog hash.
Searching for gapped alignments...
Merging matches into catalog...
  2896 loci were matched to a catalog locus.
  29134 loci were matched to a catalog locus using gapped alignments.
  3674 loci were newly added to the catalog.
  37 loci matched more than one catalog locus, linking them.
    74 linked catalog loci were merged into 37 loci.

Processing sample ./phylo/para178 [21 of 29]
  Parsing ./phylo/para178.tags.tsv.gz
  Parsing ./phylo/para178.snps.tsv.gz
  Parsing ./phylo/para178.alleles.tsv.gz
Searching for sequence matches...
  188250 loci in the catalog, 9803114 kmers in the catalog hash.
Searching for gapped alignments...
Merging matches into catalog...
  2182 loci were matched to a catalog locus.
  26254 loci were matched to a catalog locus using gapped alignments.
  6165 loci were newly added to the catalog.
  58 loci matched more than one catalog locus, linking them.
    116 linked catalog loci were merged into 58 loci.

Processing sample ./phylo/para227 [22 of 29]
  Parsing ./phylo/para227.tags.tsv.gz
  Parsing ./phylo/para227.snps.tsv.gz
  Parsing ./phylo/para227.alleles.tsv.gz
Searching for sequence matches...
  194357 loci in the catalog, 10168635 kmers in the catalog hash.
Searching for gapped alignments...
Merging matches into catalog...
  2745 loci were matched to a catalog locus.
  27894 loci were matched to a catalog locus using gapped alignments.
  9456 loci were newly added to the catalog.
  34 loci matched more than one catalog locus, linking them.
    68 linked catalog loci were merged into 34 loci.

Processing sample ./phylo/para240 [23 of 29]
  Parsing ./phylo/para240.tags.tsv.gz
  Parsing ./phylo/para240.snps.tsv.gz
  Parsing ./phylo/para240.alleles.tsv.gz
Searching for sequence matches...
  203779 loci in the catalog, 10640232 kmers in the catalog hash.
Searching for gapped alignments...
Merging matches into catalog...
  2767 loci were matched to a catalog locus.
  28881 loci were matched to a catalog locus using gapped alignments.
  4718 loci were newly added to the catalog.
  34 loci matched more than one catalog locus, linking them.
    68 linked catalog loci were merged into 34 loci.

Processing sample ./phylo/para80 [24 of 29]
  Parsing ./phylo/para80.tags.tsv.gz
  Parsing ./phylo/para80.snps.tsv.gz
  Parsing ./phylo/para80.alleles.tsv.gz
Searching for sequence matches...
  208463 loci in the catalog, 10891604 kmers in the catalog hash.
Searching for gapped alignments...
Merging matches into catalog...
  3233 loci were matched to a catalog locus.
  30739 loci were matched to a catalog locus using gapped alignments.
  3860 loci were newly added to the catalog.
  42 loci matched more than one catalog locus, linking them.
    85 linked catalog loci were merged into 42 loci.

Processing sample ./phylo/send114 [25 of 29]
  Parsing ./phylo/send114.tags.tsv.gz
  Parsing ./phylo/send114.snps.tsv.gz
  Parsing ./phylo/send114.alleles.tsv.gz
Searching for sequence matches...
  212280 loci in the catalog, 11102746 kmers in the catalog hash.
Searching for gapped alignments...
Merging matches into catalog...
  1897 loci were matched to a catalog locus.
  27339 loci were matched to a catalog locus using gapped alignments.
  6072 loci were newly added to the catalog.
  61 loci matched more than one catalog locus, linking them.
    122 linked catalog loci were merged into 61 loci.

Processing sample ./phylo/send117 [26 of 29]
  Parsing ./phylo/send117.tags.tsv.gz
  Parsing ./phylo/send117.snps.tsv.gz
  Parsing ./phylo/send117.alleles.tsv.gz
Searching for sequence matches...
  218291 loci in the catalog, 11449238 kmers in the catalog hash.
Searching for gapped alignments...
Merging matches into catalog...
  1711 loci were matched to a catalog locus.
  22800 loci were matched to a catalog locus using gapped alignments.
  14763 loci were newly added to the catalog.
  35 loci matched more than one catalog locus, linking them.
    67 linked catalog loci were merged into 33 loci.

Processing sample ./phylo/send121 [27 of 29]
  Parsing ./phylo/send121.tags.tsv.gz
  Parsing ./phylo/send121.snps.tsv.gz
  Parsing ./phylo/send121.alleles.tsv.gz
Searching for sequence matches...
  233020 loci in the catalog, 12161849 kmers in the catalog hash.
Searching for gapped alignments...
Merging matches into catalog...
  1971 loci were matched to a catalog locus.
  26507 loci were matched to a catalog locus using gapped alignments.
  1947 loci were newly added to the catalog.
  59 loci matched more than one catalog locus, linking them.
    117 linked catalog loci were merged into 58 loci.

Processing sample ./phylo/send54 [28 of 29]
  Parsing ./phylo/send54.tags.tsv.gz
  Parsing ./phylo/send54.snps.tsv.gz
  Parsing ./phylo/send54.alleles.tsv.gz
Searching for sequence matches...
  234908 loci in the catalog, 12298165 kmers in the catalog hash.
Searching for gapped alignments...
Merging matches into catalog...
  1852 loci were matched to a catalog locus.
  26418 loci were matched to a catalog locus using gapped alignments.
  3255 loci were newly added to the catalog.
  53 loci matched more than one catalog locus, linking them.
    106 linked catalog loci were merged into 53 loci.

Processing sample ./phylo/send9 [29 of 29]
  Parsing ./phylo/send9.tags.tsv.gz
  Parsing ./phylo/send9.snps.tsv.gz
  Parsing ./phylo/send9.alleles.tsv.gz
Searching for sequence matches...
  238110 loci in the catalog, 12490132 kmers in the catalog hash.
Searching for gapped alignments...
Merging matches into catalog...
  1629 loci were matched to a catalog locus.
  25246 loci were matched to a catalog locus using gapped alignments.
  1756 loci were newly added to the catalog.
  61 loci matched more than one catalog locus, linking them.
    119 linked catalog loci were merged into 59 loci.

Writing catalog in directory './phylo/'.
Final catalog contains 239806 loci.
cstacks is done.

sstacks
==========
/data/users/sousal/programs/stacks-2.64/sstacks -P ./phylo -M ../popmap-phylo29.txt -p 14

Searching for matches by sequence identity...
  Parsing ./phylo/catalog.tags.tsv.gz
  Parsing ./phylo/catalog.snps.tsv.gz
  Parsing ./phylo/catalog.alleles.tsv.gz
Populating kmer dictionary for exact matches...done.
Populating kmer dictionary for gapped alignments...done.

Processing sample './phylo/Sample' [1 of 30]
 Unable to open './phylo/Sample'
Error: Unable to parse './phylo/Sample'
Aborted.

denovo_map.pl: Aborted because the last command failed (13).
Last command executed by denovo_map.pl was:
  /data/users/sousal/programs/stacks-2.64/sstacks -P ./phylo -M ../popmap-phylo29.txt -p 14
