tsv2bam v2.64, executed 2025-10-02 12:51:16 (zlib-1.2.11)
/data/users/sousal/programs/stacks-2.64/tsv2bam -P ./phylo -M ../popmap-phylo29 -t 20
Configuration for this run:
  Stacks directory: './phylo/'
  Population map: '../popmap-phylo29'
  Num. samples: 29
  Multithreaded.

Loading the catalog...
Processing sample 'caes1'...
Processing sample 'miss36'...
Processing sample 'duse23'...
Processing sample 'duse2'...
Processing sample 'miss40'...
Processing sample 'duse7'...
Processing sample 'miss10'...
Processing sample 'duse12'...
Processing sample 'duse31'...
Processing sample 'caes9'...
Processing sample 'duse11'...
Processing sample 'miss39'...
Processing sample 'miss38'...
Processing sample 'para156'...
Processing sample 'miss58'...
Processing sample 'caes3'...
Processing sample 'caes12'...
Processing sample 'caes8'...
Processing sample 'caes7'...
Processing sample 'para16'...
Processing sample 'para178'...
Processing sample 'para227'...
Processing sample 'para240'...
Processing sample 'para80'...
Processing sample 'send114'...
Processing sample 'send117'...
Processing sample 'send121'...
Processing sample 'send54'...
Processing sample 'send9'...

Sample 'caes1': matched 38382 sample loci to 38274 catalog loci; wrote 418070 records.
Sample 'caes12': matched 32889 sample loci to 32732 catalog loci; wrote 428094 records.
Sample 'caes3': matched 33246 sample loci to 33017 catalog loci; wrote 436759 records.
Sample 'caes7': matched 34351 sample loci to 34143 catalog loci; wrote 500629 records.
Sample 'caes8': matched 34636 sample loci to 34421 catalog loci; wrote 512464 records.
Sample 'caes9': matched 36280 sample loci to 36079 catalog loci; wrote 488178 records.
Sample 'duse11': matched 36319 sample loci to 36113 catalog loci; wrote 448435 records.
Sample 'duse12': matched 34769 sample loci to 34394 catalog loci; wrote 430543 records.
Sample 'duse2': matched 34517 sample loci to 34341 catalog loci; wrote 385932 records.
Sample 'duse23': matched 44478 sample loci to 42806 catalog loci; wrote 713630 records.
Sample 'duse31': matched 20089 sample loci to 20011 catalog loci; wrote 278202 records.
Sample 'duse7': matched 38561 sample loci to 38311 catalog loci; wrote 426821 records.
Sample 'miss10': matched 29372 sample loci to 29142 catalog loci; wrote 369013 records.
Sample 'miss36': matched 34600 sample loci to 34328 catalog loci; wrote 527352 records.
Sample 'miss38': matched 27555 sample loci to 27352 catalog loci; wrote 284962 records.
Sample 'miss39': matched 30419 sample loci to 30223 catalog loci; wrote 323665 records.
Sample 'miss40': matched 33039 sample loci to 32629 catalog loci; wrote 465804 records.
Sample 'miss58': matched 33256 sample loci to 33095 catalog loci; wrote 399953 records.
Sample 'para156': matched 36665 sample loci to 36446 catalog loci; wrote 461959 records.
Sample 'para16': matched 35092 sample loci to 34809 catalog loci; wrote 495465 records.
Sample 'para178': matched 33964 sample loci to 33722 catalog loci; wrote 384697 records.
Sample 'para227': matched 39534 sample loci to 39327 catalog loci; wrote 426798 records.
Sample 'para240': matched 35860 sample loci to 35622 catalog loci; wrote 469515 records.
Sample 'para80': matched 37237 sample loci to 36979 catalog loci; wrote 508196 records.
Sample 'send114': matched 34731 sample loci to 34496 catalog loci; wrote 396425 records.
Sample 'send117': matched 38840 sample loci to 38678 catalog loci; wrote 380740 records.
Sample 'send121': matched 29905 sample loci to 29573 catalog loci; wrote 380695 records.
Sample 'send54': matched 31051 sample loci to 30792 catalog loci; wrote 388744 records.
Sample 'send9': matched 28225 sample loci to 28022 catalog loci; wrote 333452 records.

tsv2bam is done.
