populations v2.64, executed 2025-10-03 13:31:56 (zlib-1.2.11)
populations -P grp/ -O grp_populations_50 -M popmap-grp41 -R 0.5 --min-maf 0.05 --write-single-snp --vcf --fstats -t 16
Locus/sample distributions will be written to 'grp_populations_50/populations.log.distribs'.
populations parameters selected:
  Percent samples limit per population: 0
  Locus Population limit: 1
  Percent samples overall: 0.5
  Minor allele frequency cutoff: 0.05
  Maximum observed heterozygosity cutoff: 1
  Applying Fst correction: none.
  Pi/Fis kernel smoothing: off
  F-stats kernel smoothing: off
  Bootstrap resampling: off

Parsing population map...
The population map contained 41 samples, 4 population(s), 1 group(s).
Working on 41 samples.
Working on 4 population(s):
    Preit: 3005842, 3005852, 3005888, 3005891, 3005899, 3005900, 3005911, 3005912, 3005924, 3006912, 3006944, 3006949
    Psaxi: 3005841, 3005853, 3005865, 3005877, 3005889, 3005901, 3005903
    Psche: 2990934, 2990940, 3005839, 3005851, 3005863, 3005874, 3005875, 3005886, 3005887, 3006939, 3006940, 3006945
    Pteri: 3005843, 3005854, 3005855, 3005867, 3005890, 3005902, 3005914, 3005926, 3006928, 3006934
Working on 1 group(s) of populations:
    defaultgrp: Preit, Psaxi, Psche, Pteri

SNPs and calls will be written in VCF format to 'grp_populations_50/populations.snps.vcf'
Raw haplotypes will be written to 'grp_populations_50/populations.haplotypes.tsv'
Population-level summary statistics will be written to 'grp_populations_50/populations.sumstats.tsv'
Population-level haplotype summary statistics will be written to 'grp_populations_50/populations.hapstats.tsv'

Processing data in batches:
  * load a batch of catalog loci and apply filters
  * compute SNP- and haplotype-wise per-population statistics
  * compute F-statistics
  * write the above statistics in the output files
  * export the genotypes/haplotypes in specified format(s)
More details in 'grp_populations_50/populations.log.distribs'.

Now processing...
Batch 1 

Removed 113006 loci that did not pass sample/population constraints from 117224 loci.
Kept 4218 loci, composed of 427692 sites; 9881 of those sites were filtered, 3224 variant sites remained.
Mean genotyped sites per locus: 101.40bp (stderr 0.02).

Population summary statistics (more detail in populations.sumstats_summary.tsv):
  Preit: 7.658 samples per locus; pi: 0.14363; all/variant/polymorphic sites: 427386/3222/1344; private alleles: 210
  Psaxi: 4.4442 samples per locus; pi: 0.12228; all/variant/polymorphic sites: 426172/3215/916; private alleles: 116
  Psche: 7.9429 samples per locus; pi: 0.20245; all/variant/polymorphic sites: 426973/3221/1595; private alleles: 694
  Pteri: 5.6412 samples per locus; pi: 0.19139; all/variant/polymorphic sites: 423731/3197/1431; private alleles: 609

Population pair divergence statistics (more in populations.fst_summary.tsv and populations.phistats_summary.tsv):
  Preit-Psaxi: mean Fst: 0.16028; mean Phi_st: 0.17065; mean Fst': 0.13566; mean Dxy: 0.003922
  Preit-Psche: mean Fst: 0.24816; mean Phi_st: 0.30247; mean Fst': 0.22529; mean Dxy: 0.0042469
  Preit-Pteri: mean Fst: 0.2987; mean Phi_st: 0.35378; mean Fst': 0.28342; mean Dxy: 0.0047664
  Psaxi-Psche: mean Fst: 0.27269; mean Phi_st: 0.32103; mean Fst': 0.25709; mean Dxy: 0.0046462
  Psaxi-Pteri: mean Fst: 0.33706; mean Phi_st: 0.37926; mean Fst': 0.32097; mean Dxy: 0.005117
  Psche-Pteri: mean Fst: 0.25831; mean Phi_st: 0.31545; mean Fst': 0.23692; mean Dxy: 0.0044995

Populations is done.
