gstacks v2.64, executed 2025-10-02 10:55:42 (zlib-1.2.11)
/data/users/sousal/programs/stacks-2.64/gstacks -P ./grp -M ../popmap-grp41 -t 14
Locus/sample distributions will be written to './grp/gstacks.log.distribs'.

Configuration for this run:
  Input mode: denovo
  Population map: '../popmap-grp41'
  Input files: 41, e.g. './grp/3005842.matches.bam'
  Output to: './grp/'
  Model: marukilow (var_alpha: 0.01, gt_alpha: 0.05)

Reading BAM headers...
Processing all loci...
1%...
2%...
5%...
10%...
20%...
50%...
100%
Input appears to be single-end (no paired-end reads were seen).

Genotyped 117224 loci:
  effective per-sample coverage: mean=10.3x, stdev=1.7x, min=8.0x, max=16.1x
  mean number of sites per locus: 100.2
  a consistent phasing was found for 14987 of out 16474 (91.0%) diploid loci needing phasing

gstacks is done.
