tsv2bam v2.64, executed 2025-10-02 10:55:33 (zlib-1.2.11)
/data/users/sousal/programs/stacks-2.64/tsv2bam -P ./grp -M ../popmap-grp41 -t 14
Configuration for this run:
  Stacks directory: './grp/'
  Population map: '../popmap-grp41'
  Num. samples: 41
  Multithreaded.

Loading the catalog...
Processing sample '3005842'...
Processing sample '3005852'...
Processing sample '3005900'...
Processing sample '3005911'...
Processing sample '3005899'...
Processing sample '3005891'...
Processing sample '3005888'...
Processing sample '3005924'...
Processing sample '3006912'...
Processing sample '3005853'...
Processing sample '3006949'...
Processing sample '3005841'...
Processing sample '3005912'...
Processing sample '3006944'...
Processing sample '3005865'...
Processing sample '3005877'...
Processing sample '3005889'...
Processing sample '3005901'...
Processing sample '3005903'...
Processing sample '2990934'...
Processing sample '2990940'...
Processing sample '3005839'...
Processing sample '3005851'...
Processing sample '3005863'...
Processing sample '3005874'...
Processing sample '3005875'...
Processing sample '3005886'...
Processing sample '3005887'...
Processing sample '3006939'...
Processing sample '3006940'...
Processing sample '3006945'...
Processing sample '3005843'...
Processing sample '3005854'...
Processing sample '3005855'...
Processing sample '3005867'...
Processing sample '3005890'...
Processing sample '3005902'...
Processing sample '3005914'...
Processing sample '3005926'...
Processing sample '3006928'...
Processing sample '3006934'...

Sample '3005842': matched 10241 sample loci to 10216 catalog loci; wrote 79537 records.
Sample '3005852': matched 14952 sample loci to 14895 catalog loci; wrote 112115 records.
Sample '3005888': matched 12789 sample loci to 12732 catalog loci; wrote 91706 records.
Sample '3005891': matched 13225 sample loci to 13186 catalog loci; wrote 121159 records.
Sample '3005899': matched 14719 sample loci to 14669 catalog loci; wrote 110452 records.
Sample '3005900': matched 14562 sample loci to 14506 catalog loci; wrote 106143 records.
Sample '3005911': matched 14912 sample loci to 14847 catalog loci; wrote 120122 records.
Sample '3005912': matched 15370 sample loci to 15298 catalog loci; wrote 176095 records.
Sample '3005924': matched 8919 sample loci to 8877 catalog loci; wrote 95705 records.
Sample '3006912': matched 9397 sample loci to 9382 catalog loci; wrote 64068 records.
Sample '3006944': matched 10196 sample loci to 10138 catalog loci; wrote 73061 records.
Sample '3006949': matched 6973 sample loci to 6965 catalog loci; wrote 44216 records.
Sample '3005841': matched 16788 sample loci to 16716 catalog loci; wrote 130870 records.
Sample '3005853': matched 15566 sample loci to 15495 catalog loci; wrote 121791 records.
Sample '3005865': matched 8547 sample loci to 8520 catalog loci; wrote 94556 records.
Sample '3005877': matched 8792 sample loci to 8761 catalog loci; wrote 66939 records.
Sample '3005889': matched 13381 sample loci to 13312 catalog loci; wrote 108214 records.
Sample '3005901': matched 9865 sample loci to 9831 catalog loci; wrote 87618 records.
Sample '3005903': matched 10711 sample loci to 10667 catalog loci; wrote 96050 records.
Sample '2990934': matched 4886 sample loci to 4868 catalog loci; wrote 37890 records.
Sample '2990940': matched 2329 sample loci to 2322 catalog loci; wrote 16097 records.
Sample '3005839': matched 17539 sample loci to 17451 catalog loci; wrote 132732 records.
Sample '3005851': matched 9669 sample loci to 9641 catalog loci; wrote 69273 records.
Sample '3005863': matched 16564 sample loci to 16469 catalog loci; wrote 127297 records.
Sample '3005874': matched 16712 sample loci to 16625 catalog loci; wrote 133593 records.
Sample '3005875': matched 14491 sample loci to 14436 catalog loci; wrote 113154 records.
Sample '3005886': matched 12319 sample loci to 12262 catalog loci; wrote 88284 records.
Sample '3005887': matched 13261 sample loci to 13199 catalog loci; wrote 94702 records.
Sample '3006939': matched 13788 sample loci to 13719 catalog loci; wrote 115104 records.
Sample '3006940': matched 10840 sample loci to 10805 catalog loci; wrote 70872 records.
Sample '3006945': matched 8883 sample loci to 8851 catalog loci; wrote 61726 records.
Sample '3005843': matched 7933 sample loci to 7906 catalog loci; wrote 61009 records.
Sample '3005854': matched 12423 sample loci to 12375 catalog loci; wrote 96827 records.
Sample '3005855': matched 12209 sample loci to 12162 catalog loci; wrote 89184 records.
Sample '3005867': matched 11850 sample loci to 11791 catalog loci; wrote 92038 records.
Sample '3005890': matched 11141 sample loci to 11084 catalog loci; wrote 103458 records.
Sample '3005902': matched 8260 sample loci to 8229 catalog loci; wrote 62180 records.
Sample '3005914': matched 8125 sample loci to 8077 catalog loci; wrote 58020 records.
Sample '3005926': matched 10701 sample loci to 10660 catalog loci; wrote 78143 records.
Sample '3006928': matched 12131 sample loci to 12083 catalog loci; wrote 86153 records.
Sample '3006934': matched 10479 sample loci to 10439 catalog loci; wrote 79106 records.

tsv2bam is done.
