populations v2.64, executed 2025-10-02 14:11:43 (zlib-1.2.11)
populations -P 04_denovo/phylo -O 04_denovo/phylo_populations -M popmap-phylo29 -R 0.8 --min-maf 0.05 --write-single-snp --vcf --fstats -t 16
Locus/sample distributions will be written to '04_denovo/phylo_populations/populations.log.distribs'.
populations parameters selected:
  Percent samples limit per population: 0
  Locus Population limit: 1
  Percent samples overall: 0.8
  Minor allele frequency cutoff: 0.05
  Maximum observed heterozygosity cutoff: 1
  Applying Fst correction: none.
  Pi/Fis kernel smoothing: off
  F-stats kernel smoothing: off
  Bootstrap resampling: off

Parsing population map...
The population map contained 29 samples, 5 population(s), 1 group(s).
Working on 29 samples.
Working on 5 population(s):
    caes: caes1, caes12, caes3, caes7, caes8, caes9
    duse: duse11, duse12, duse2, duse23, duse31, duse7
    miss: miss10, miss36, miss38, miss39, miss40, miss58
    para: para156, para16, para178, para227, para240, para80
    send: send114, send117, send121, send54, send9
Working on 1 group(s) of populations:
    defaultgrp: caes, duse, miss, para, send

SNPs and calls will be written in VCF format to '04_denovo/phylo_populations/populations.snps.vcf'
Raw haplotypes will be written to '04_denovo/phylo_populations/populations.haplotypes.tsv'
Population-level summary statistics will be written to '04_denovo/phylo_populations/populations.sumstats.tsv'
Population-level haplotype summary statistics will be written to '04_denovo/phylo_populations/populations.hapstats.tsv'

Processing data in batches:
  * load a batch of catalog loci and apply filters
  * compute SNP- and haplotype-wise per-population statistics
  * compute F-statistics
  * write the above statistics in the output files
  * export the genotypes/haplotypes in specified format(s)
More details in '04_denovo/phylo_populations/populations.log.distribs'.

Now processing...
Batch 1 
Batch 2 

Removed 228255 loci that did not pass sample/population constraints from 239731 loci.
Kept 11476 loci, composed of 721463 sites; 25231 of those sites were filtered, 7691 variant sites remained.
Mean genotyped sites per locus: 62.87bp (stderr 0.01).

Population summary statistics (more detail in populations.sumstats_summary.tsv):
  caes: 5.769 samples per locus; pi: 0.12035; all/variant/polymorphic sites: 721463/7691/2315; private alleles: 1097
  duse: 4.9988 samples per locus; pi: 0.13869; all/variant/polymorphic sites: 721463/7691/2601; private alleles: 728
  miss: 5.179 samples per locus; pi: 0.1413; all/variant/polymorphic sites: 721463/7691/2622; private alleles: 1067
  para: 5.7162 samples per locus; pi: 0.14411; all/variant/polymorphic sites: 721463/7691/2915; private alleles: 1000
  send: 4.5712 samples per locus; pi: 0.13583; all/variant/polymorphic sites: 721336/7689/2511; private alleles: 533

Population pair divergence statistics (more in populations.fst_summary.tsv and populations.phistats_summary.tsv):
  caes-duse: mean Fst: 0.31152; mean Phi_st: 0.3563; mean Fst': 0.28617; mean Dxy: 0.0075539
  caes-miss: mean Fst: 0.35892; mean Phi_st: 0.41237; mean Fst': 0.34056; mean Dxy: 0.0081682
  caes-para: mean Fst: 0.3323; mean Phi_st: 0.38378; mean Fst': 0.31924; mean Dxy: 0.0079122
  caes-send: mean Fst: 0.31325; mean Phi_st: 0.35763; mean Fst': 0.29021; mean Dxy: 0.0076468
  duse-miss: mean Fst: 0.27779; mean Phi_st: 0.31423; mean Fst': 0.2458; mean Dxy: 0.0072328
  duse-para: mean Fst: 0.25483; mean Phi_st: 0.29037; mean Fst': 0.22907; mean Dxy: 0.0069901
  duse-send: mean Fst: 0.22625; mean Phi_st: 0.2422; mean Fst': 0.18478; mean Dxy: 0.0067111
  miss-para: mean Fst: 0.3121; mean Phi_st: 0.35976; mean Fst': 0.29449; mean Dxy: 0.0076697
  miss-send: mean Fst: 0.26733; mean Phi_st: 0.29621; mean Fst': 0.23578; mean Dxy: 0.0072807
  para-send: mean Fst: 0.26385; mean Phi_st: 0.29921; mean Fst': 0.24162; mean Dxy: 0.007184

Populations is done.
