populations v2.64, executed 2025-10-03 13:31:56 (zlib-1.2.11)
populations -P phylo/ -O phylo_populations_90 -M popmap-phylo29 -R 0.9 --min-maf 0.05 --write-single-snp --vcf --fstats -t 16
Locus/sample distributions will be written to 'phylo_populations_90/populations.log.distribs'.
populations parameters selected:
  Percent samples limit per population: 0
  Locus Population limit: 1
  Percent samples overall: 0.9
  Minor allele frequency cutoff: 0.05
  Maximum observed heterozygosity cutoff: 1
  Applying Fst correction: none.
  Pi/Fis kernel smoothing: off
  F-stats kernel smoothing: off
  Bootstrap resampling: off

Parsing population map...
The population map contained 29 samples, 5 population(s), 1 group(s).
Working on 29 samples.
Working on 5 population(s):
    caes: caes1, caes12, caes3, caes7, caes8, caes9
    duse: duse11, duse12, duse2, duse23, duse31, duse7
    miss: miss10, miss36, miss38, miss39, miss40, miss58
    para: para156, para16, para178, para227, para240, para80
    send: send114, send117, send121, send54, send9
Working on 1 group(s) of populations:
    defaultgrp: caes, duse, miss, para, send

SNPs and calls will be written in VCF format to 'phylo_populations_90/populations.snps.vcf'
Raw haplotypes will be written to 'phylo_populations_90/populations.haplotypes.tsv'
Population-level summary statistics will be written to 'phylo_populations_90/populations.sumstats.tsv'
Population-level haplotype summary statistics will be written to 'phylo_populations_90/populations.hapstats.tsv'

Processing data in batches:
  * load a batch of catalog loci and apply filters
  * compute SNP- and haplotype-wise per-population statistics
  * compute F-statistics
  * write the above statistics in the output files
  * export the genotypes/haplotypes in specified format(s)
More details in 'phylo_populations_90/populations.log.distribs'.

Now processing...
Batch 1 

Removed 234198 loci that did not pass sample/population constraints from 239731 loci.
Kept 5533 loci, composed of 348854 sites; 12923 of those sites were filtered, 3575 variant sites remained.
Mean genotyped sites per locus: 63.05bp (stderr 0.01).

Population summary statistics (more detail in populations.sumstats_summary.tsv):
  caes: 5.9334 samples per locus; pi: 0.11667; all/variant/polymorphic sites: 348854/3575/1057; private alleles: 518
  duse: 5.4414 samples per locus; pi: 0.1302; all/variant/polymorphic sites: 348854/3575/1174; private alleles: 369
  miss: 5.607 samples per locus; pi: 0.13537; all/variant/polymorphic sites: 348854/3575/1215; private alleles: 534
  para: 5.9066 samples per locus; pi: 0.13728; all/variant/polymorphic sites: 348854/3575/1303; private alleles: 468
  send: 4.8336 samples per locus; pi: 0.12574; all/variant/polymorphic sites: 348854/3575/1120; private alleles: 263

Population pair divergence statistics (more in populations.fst_summary.tsv and populations.phistats_summary.tsv):
  caes-duse: mean Fst: 0.29885; mean Phi_st: 0.34462; mean Fst': 0.27282; mean Dxy: 0.0071753
  caes-miss: mean Fst: 0.34926; mean Phi_st: 0.40281; mean Fst': 0.33014; mean Dxy: 0.0078337
  caes-para: mean Fst: 0.32639; mean Phi_st: 0.38; mean Fst': 0.31339; mean Dxy: 0.0076225
  caes-send: mean Fst: 0.30725; mean Phi_st: 0.35236; mean Fst': 0.28444; mean Dxy: 0.0073248
  duse-miss: mean Fst: 0.26933; mean Phi_st: 0.3106; mean Fst': 0.23781; mean Dxy: 0.0068033
  duse-para: mean Fst: 0.24665; mean Phi_st: 0.28422; mean Fst': 0.22047; mean Dxy: 0.0066159
  duse-send: mean Fst: 0.22049; mean Phi_st: 0.24093; mean Fst': 0.18043; mean Dxy: 0.0063677
  miss-para: mean Fst: 0.30966; mean Phi_st: 0.36165; mean Fst': 0.2932; mean Dxy: 0.0074221
  miss-send: mean Fst: 0.2607; mean Phi_st: 0.29505; mean Fst': 0.22981; mean Dxy: 0.0068625
  para-send: mean Fst: 0.26016; mean Phi_st: 0.29836; mean Fst': 0.23859; mean Dxy: 0.006854

Populations is done.
