populations v2.64, executed 2025-10-02 14:12:31 (zlib-1.2.11)
populations -P 04_denovo/grp -O 04_denovo/grp_populations -M popmap-grp41 -R 0.8 --min-maf 0.05 --write-single-snp --vcf --fstats -t 16
Locus/sample distributions will be written to '04_denovo/grp_populations/populations.log.distribs'.
populations parameters selected:
  Percent samples limit per population: 0
  Locus Population limit: 1
  Percent samples overall: 0.8
  Minor allele frequency cutoff: 0.05
  Maximum observed heterozygosity cutoff: 1
  Applying Fst correction: none.
  Pi/Fis kernel smoothing: off
  F-stats kernel smoothing: off
  Bootstrap resampling: off

Parsing population map...
The population map contained 41 samples, 4 population(s), 1 group(s).
Working on 41 samples.
Working on 4 population(s):
    Preit: 3005842, 3005852, 3005888, 3005891, 3005899, 3005900, 3005911, 3005912, 3005924, 3006912, 3006944, 3006949
    Psaxi: 3005841, 3005853, 3005865, 3005877, 3005889, 3005901, 3005903
    Psche: 2990934, 2990940, 3005839, 3005851, 3005863, 3005874, 3005875, 3005886, 3005887, 3006939, 3006940, 3006945
    Pteri: 3005843, 3005854, 3005855, 3005867, 3005890, 3005902, 3005914, 3005926, 3006928, 3006934
Working on 1 group(s) of populations:
    defaultgrp: Preit, Psaxi, Psche, Pteri

SNPs and calls will be written in VCF format to '04_denovo/grp_populations/populations.snps.vcf'
Raw haplotypes will be written to '04_denovo/grp_populations/populations.haplotypes.tsv'
Population-level summary statistics will be written to '04_denovo/grp_populations/populations.sumstats.tsv'
Population-level haplotype summary statistics will be written to '04_denovo/grp_populations/populations.hapstats.tsv'

Processing data in batches:
  * load a batch of catalog loci and apply filters
  * compute SNP- and haplotype-wise per-population statistics
  * compute F-statistics
  * write the above statistics in the output files
  * export the genotypes/haplotypes in specified format(s)
More details in '04_denovo/grp_populations/populations.log.distribs'.

Now processing...
Batch 1 

Removed 116803 loci that did not pass sample/population constraints from 117224 loci.
Kept 421 loci, composed of 42881 sites; 1113 of those sites were filtered, 257 variant sites remained.
Mean genotyped sites per locus: 101.86bp (stderr 0.08).

Population summary statistics (more detail in populations.sumstats_summary.tsv):
  Preit: 10.117 samples per locus; pi: 0.11396; all/variant/polymorphic sites: 42881/257/93; private alleles: 14
  Psaxi: 5.8444 samples per locus; pi: 0.11432; all/variant/polymorphic sites: 42881/257/70; private alleles: 8
  Psche: 10.401 samples per locus; pi: 0.20496; all/variant/polymorphic sites: 42881/257/133; private alleles: 59
  Pteri: 8.3074 samples per locus; pi: 0.19439; all/variant/polymorphic sites: 42881/257/124; private alleles: 55

Population pair divergence statistics (more in populations.fst_summary.tsv and populations.phistats_summary.tsv):
  Preit-Psaxi: mean Fst: 0.13736; mean Phi_st: 0.16665; mean Fst': 0.11308; mean Dxy: 0.0033931
  Preit-Psche: mean Fst: 0.25758; mean Phi_st: 0.32925; mean Fst': 0.23727; mean Dxy: 0.004088
  Preit-Pteri: mean Fst: 0.30348; mean Phi_st: 0.37493; mean Fst': 0.29039; mean Dxy: 0.0045898
  Psaxi-Psche: mean Fst: 0.271; mean Phi_st: 0.34737; mean Fst': 0.26951; mean Dxy: 0.0045182
  Psaxi-Pteri: mean Fst: 0.3111; mean Phi_st: 0.37737; mean Fst': 0.30866; mean Dxy: 0.0048538
  Psche-Pteri: mean Fst: 0.22731; mean Phi_st: 0.30027; mean Fst': 0.20212; mean Dxy: 0.00395

Populations is done.
