populations v2.64, executed 2025-10-03 13:31:56 (zlib-1.2.11)
populations -P phylo/ -O phylo_populations_50 -M popmap-phylo29 -R 0.5 --min-maf 0.05 --write-single-snp --vcf --fstats -t 16
Locus/sample distributions will be written to 'phylo_populations_50/populations.log.distribs'.
populations parameters selected:
  Percent samples limit per population: 0
  Locus Population limit: 1
  Percent samples overall: 0.5
  Minor allele frequency cutoff: 0.05
  Maximum observed heterozygosity cutoff: 1
  Applying Fst correction: none.
  Pi/Fis kernel smoothing: off
  F-stats kernel smoothing: off
  Bootstrap resampling: off

Parsing population map...
The population map contained 29 samples, 5 population(s), 1 group(s).
Working on 29 samples.
Working on 5 population(s):
    caes: caes1, caes12, caes3, caes7, caes8, caes9
    duse: duse11, duse12, duse2, duse23, duse31, duse7
    miss: miss10, miss36, miss38, miss39, miss40, miss58
    para: para156, para16, para178, para227, para240, para80
    send: send114, send117, send121, send54, send9
Working on 1 group(s) of populations:
    defaultgrp: caes, duse, miss, para, send

SNPs and calls will be written in VCF format to 'phylo_populations_50/populations.snps.vcf'
Raw haplotypes will be written to 'phylo_populations_50/populations.haplotypes.tsv'
Population-level summary statistics will be written to 'phylo_populations_50/populations.sumstats.tsv'
Population-level haplotype summary statistics will be written to 'phylo_populations_50/populations.hapstats.tsv'

Processing data in batches:
  * load a batch of catalog loci and apply filters
  * compute SNP- and haplotype-wise per-population statistics
  * compute F-statistics
  * write the above statistics in the output files
  * export the genotypes/haplotypes in specified format(s)
More details in 'phylo_populations_50/populations.log.distribs'.

Now processing...
Batch 1 
Batch 2 
Batch 3 

Removed 215079 loci that did not pass sample/population constraints from 239731 loci.
Kept 24652 loci, composed of 1539136 sites; 41712 of those sites were filtered, 17845 variant sites remained.
Mean genotyped sites per locus: 62.43bp (stderr 0.01).

Population summary statistics (more detail in populations.sumstats_summary.tsv):
  caes: 5.0946 samples per locus; pi: 0.11378; all/variant/polymorphic sites: 1510793/17469/4820; private alleles: 2618
  duse: 4.2263 samples per locus; pi: 0.13683; all/variant/polymorphic sites: 1511472/17479/5486; private alleles: 1906
  miss: 4.3084 samples per locus; pi: 0.13542; all/variant/polymorphic sites: 1501125/17350/5344; private alleles: 2540
  para: 4.986 samples per locus; pi: 0.13973; all/variant/polymorphic sites: 1526241/17673/6216; private alleles: 2591
  send: 3.8631 samples per locus; pi: 0.13168; all/variant/polymorphic sites: 1513871/17525/5201; private alleles: 1478

Population pair divergence statistics (more in populations.fst_summary.tsv and populations.phistats_summary.tsv):
  caes-duse: mean Fst: 0.33372; mean Phi_st: 0.36784; mean Fst': 0.3039; mean Dxy: 0.0080014
  caes-miss: mean Fst: 0.37959; mean Phi_st: 0.42028; mean Fst': 0.35694; mean Dxy: 0.0085751
  caes-para: mean Fst: 0.34856; mean Phi_st: 0.38846; mean Fst': 0.33065; mean Dxy: 0.0082195
  caes-send: mean Fst: 0.33385; mean Phi_st: 0.36394; mean Fst': 0.30379; mean Dxy: 0.0080459
  duse-miss: mean Fst: 0.30013; mean Phi_st: 0.3195; mean Fst': 0.2609; mean Dxy: 0.0076586
  duse-para: mean Fst: 0.27621; mean Phi_st: 0.29773; mean Fst': 0.24404; mean Dxy: 0.0073854
  duse-send: mean Fst: 0.25396; mean Phi_st: 0.25423; mean Fst': 0.20404; mean Dxy: 0.0072209
  miss-para: mean Fst: 0.33122; mean Phi_st: 0.36446; mean Fst': 0.30788; mean Dxy: 0.0080511
  miss-send: mean Fst: 0.29043; mean Phi_st: 0.30228; mean Fst': 0.24928; mean Dxy: 0.0076379
  para-send: mean Fst: 0.2859; mean Phi_st: 0.30771; mean Fst': 0.25737; mean Dxy: 0.0076082

Populations is done.
