gstacks v2.64, executed 2025-10-02 13:41:14 (zlib-1.2.11)
/data/users/sousal/programs/stacks-2.64/gstacks -P ./alti -M ../popmap-alt80 -t 14
Locus/sample distributions will be written to './alti/gstacks.log.distribs'.

Configuration for this run:
  Input mode: denovo
  Population map: '../popmap-alt80'
  Input files: 80, e.g. './alti/2062150.matches.bam'
  Output to: './alti/'
  Model: marukilow (var_alpha: 0.01, gt_alpha: 0.05)

Reading BAM headers...
Processing all loci...
1%...
2%...
5%...
10%...
20%...
50%...
100%
Input appears to be single-end (no paired-end reads were seen).

Genotyped 721544 loci:
  effective per-sample coverage: mean=18.5x, stdev=4.4x, min=12.4x, max=39.0x
  mean number of sites per locus: 60.3
  a consistent phasing was found for 200081 of out 227671 (87.9%) diploid loci needing phasing

gstacks is done.
