tsv2bam v2.64, executed 2025-10-02 13:40:01 (zlib-1.2.11)
/data/users/sousal/programs/stacks-2.64/tsv2bam -P ./alti -M ../popmap-alt80 -t 14
Configuration for this run:
  Stacks directory: './alti/'
  Population map: '../popmap-alt80'
  Num. samples: 80
  Multithreaded.

Loading the catalog...
Processing sample '2062152'...
Processing sample '2062151'...
Processing sample '2062168'...
Processing sample '2062150'...
Processing sample '2062154'...
Processing sample '2062164'...
Processing sample '2062165'...
Processing sample '2062166'...
Processing sample '2062170'...
Processing sample '2062169'...
Processing sample '2062171'...
Processing sample '2062167'...
Processing sample '2062172'...
Processing sample '2062173'...
Processing sample '2062174'...
Processing sample '2062175'...
Processing sample '2062176'...
Processing sample '2062177'...
Processing sample '2062178'...
Processing sample '2062179'...
Processing sample '2062180'...
Processing sample '2062181'...
Processing sample '2062182'...
Processing sample '2062183'...
Processing sample '2062185'...
Processing sample '2062186'...
Processing sample '2062187'...
Processing sample '2062343'...
Processing sample '2062188'...
Processing sample '2062189'...
Processing sample '2062191'...
Processing sample '2062192'...
Processing sample '2062196'...
Processing sample '2062198'...
Processing sample '2062199'...
Processing sample '2062200'...
Processing sample '2062202'...
Processing sample '2062204'...
Processing sample '2062205'...
Processing sample '2062206'...
Processing sample '2062207'...
Processing sample '2062208'...
Processing sample '2062209'...
Processing sample '2062210'...
Processing sample '2062211'...
Processing sample '2062212'...
Processing sample '2062213'...
Processing sample '2062215'...
Processing sample '2062216'...
Processing sample '2062217'...
Processing sample '2062218'...
Processing sample '2062219'...
Processing sample '2062220'...
Processing sample '2062221'...
Processing sample '2062222'...
Processing sample '2062223'...
Processing sample '2062224'...
Processing sample '2062225'...
Processing sample '2062226'...
Processing sample '2062230'...
Processing sample '2062231'...
Processing sample '2062232'...
Processing sample '2062233'...
Processing sample '2062234'...
Processing sample '2062235'...
Processing sample '2062236'...
Processing sample '2062237'...
Processing sample '2062238'...
Processing sample '2062239'...
Processing sample '2070207'...
Processing sample '2062155'...
Processing sample '2062156'...
Processing sample '2062157'...
Processing sample '2062158'...
Processing sample '2062227'...
Processing sample '2062228'...
Processing sample '2062229'...
Processing sample '2062240'...
Processing sample '2062241'...
Processing sample '2062242'...

Sample '2062150': matched 57973 sample loci to 57351 catalog loci; wrote 801314 records.
Sample '2062151': matched 61257 sample loci to 60405 catalog loci; wrote 856758 records.
Sample '2062152': matched 46872 sample loci to 46392 catalog loci; wrote 659377 records.
Sample '2062154': matched 57955 sample loci to 57211 catalog loci; wrote 790469 records.
Sample '2062164': matched 58745 sample loci to 58109 catalog loci; wrote 724617 records.
Sample '2062165': matched 52279 sample loci to 51676 catalog loci; wrote 634627 records.
Sample '2062166': matched 68751 sample loci to 68106 catalog loci; wrote 874291 records.
Sample '2062167': matched 61221 sample loci to 60477 catalog loci; wrote 840091 records.
Sample '2062168': matched 66338 sample loci to 65441 catalog loci; wrote 995117 records.
Sample '2062169': matched 50871 sample loci to 50238 catalog loci; wrote 783873 records.
Sample '2062170': matched 27762 sample loci to 27465 catalog loci; wrote 698381 records.
Sample '2062171': matched 57104 sample loci to 56337 catalog loci; wrote 687197 records.
Sample '2062172': matched 51513 sample loci to 50908 catalog loci; wrote 620677 records.
Sample '2062173': matched 49745 sample loci to 49211 catalog loci; wrote 620070 records.
Sample '2062174': matched 60159 sample loci to 59403 catalog loci; wrote 875335 records.
Sample '2062175': matched 60221 sample loci to 59523 catalog loci; wrote 943922 records.
Sample '2062176': matched 58659 sample loci to 57858 catalog loci; wrote 881636 records.
Sample '2062177': matched 57078 sample loci to 56304 catalog loci; wrote 756355 records.
Sample '2062178': matched 59353 sample loci to 58614 catalog loci; wrote 739197 records.
Sample '2062179': matched 37515 sample loci to 37065 catalog loci; wrote 693335 records.
Sample '2062180': matched 55106 sample loci to 54493 catalog loci; wrote 638999 records.
Sample '2062181': matched 52111 sample loci to 51509 catalog loci; wrote 602597 records.
Sample '2062182': matched 61192 sample loci to 60270 catalog loci; wrote 877066 records.
Sample '2062183': matched 74297 sample loci to 73533 catalog loci; wrote 964702 records.
Sample '2062185': matched 62315 sample loci to 61686 catalog loci; wrote 779353 records.
Sample '2062186': matched 64442 sample loci to 63846 catalog loci; wrote 690042 records.
Sample '2062187': matched 65547 sample loci to 65168 catalog loci; wrote 758030 records.
Sample '2062343': matched 48834 sample loci to 48178 catalog loci; wrote 616191 records.
Sample '2062188': matched 51241 sample loci to 50657 catalog loci; wrote 556832 records.
Sample '2062189': matched 50748 sample loci to 50274 catalog loci; wrote 503860 records.
Sample '2062191': matched 68166 sample loci to 67505 catalog loci; wrote 867078 records.
Sample '2062192': matched 28849 sample loci to 28521 catalog loci; wrote 699362 records.
Sample '2062196': matched 51036 sample loci to 50360 catalog loci; wrote 713604 records.
Sample '2062198': matched 53337 sample loci to 52847 catalog loci; wrote 794599 records.
Sample '2062199': matched 65290 sample loci to 64425 catalog loci; wrote 963538 records.
Sample '2062200': matched 64607 sample loci to 63705 catalog loci; wrote 1007234 records.
Sample '2062202': matched 52223 sample loci to 51592 catalog loci; wrote 708596 records.
Sample '2062204': matched 26706 sample loci to 26566 catalog loci; wrote 398988 records.
Sample '2062205': matched 46843 sample loci to 46422 catalog loci; wrote 581960 records.
Sample '2062206': matched 65646 sample loci to 64844 catalog loci; wrote 940603 records.
Sample '2062207': matched 79695 sample loci to 78724 catalog loci; wrote 937630 records.
Sample '2062208': matched 66681 sample loci to 65908 catalog loci; wrote 866404 records.
Sample '2062209': matched 62175 sample loci to 61532 catalog loci; wrote 877205 records.
Sample '2062210': matched 27570 sample loci to 27168 catalog loci; wrote 396336 records.
Sample '2062211': matched 56587 sample loci to 55799 catalog loci; wrote 799167 records.
Sample '2062212': matched 58637 sample loci to 57878 catalog loci; wrote 792627 records.
Sample '2062213': matched 50621 sample loci to 50143 catalog loci; wrote 623773 records.
Sample '2062215': matched 26860 sample loci to 26603 catalog loci; wrote 686934 records.
Sample '2062216': matched 26115 sample loci to 25614 catalog loci; wrote 824825 records.
Sample '2062217': matched 59643 sample loci to 58742 catalog loci; wrote 901038 records.
Sample '2062218': matched 73031 sample loci to 72228 catalog loci; wrote 951128 records.
Sample '2062219': matched 65305 sample loci to 64655 catalog loci; wrote 839799 records.
Sample '2062220': matched 57630 sample loci to 56788 catalog loci; wrote 816573 records.
Sample '2062221': matched 61251 sample loci to 60813 catalog loci; wrote 712874 records.
Sample '2062222': matched 75070 sample loci to 74010 catalog loci; wrote 996400 records.
Sample '2062223': matched 53850 sample loci to 53209 catalog loci; wrote 1065960 records.
Sample '2062224': matched 67363 sample loci to 66458 catalog loci; wrote 1017216 records.
Sample '2062225': matched 63049 sample loci to 62130 catalog loci; wrote 894893 records.
Sample '2062226': matched 57247 sample loci to 56483 catalog loci; wrote 792924 records.
Sample '2062230': matched 36589 sample loci to 36173 catalog loci; wrote 830727 records.
Sample '2062231': matched 60292 sample loci to 59435 catalog loci; wrote 1130061 records.
Sample '2062232': matched 49449 sample loci to 48892 catalog loci; wrote 857653 records.
Sample '2062233': matched 62525 sample loci to 61554 catalog loci; wrote 989125 records.
Sample '2062234': matched 51241 sample loci to 50662 catalog loci; wrote 837377 records.
Sample '2062235': matched 57165 sample loci to 56329 catalog loci; wrote 913041 records.
Sample '2062236': matched 56309 sample loci to 55578 catalog loci; wrote 864274 records.
Sample '2062237': matched 48659 sample loci to 48017 catalog loci; wrote 608905 records.
Sample '2062238': matched 76009 sample loci to 74701 catalog loci; wrote 1516622 records.
Sample '2062239': matched 58570 sample loci to 57557 catalog loci; wrote 1098933 records.
Sample '2070207': matched 36863 sample loci to 36558 catalog loci; wrote 430905 records.
Sample '2062155': matched 56230 sample loci to 55559 catalog loci; wrote 633940 records.
Sample '2062156': matched 53391 sample loci to 52684 catalog loci; wrote 659262 records.
Sample '2062157': matched 54178 sample loci to 53498 catalog loci; wrote 682219 records.
Sample '2062158': matched 60052 sample loci to 59207 catalog loci; wrote 853412 records.
Sample '2062227': matched 61368 sample loci to 60509 catalog loci; wrote 858937 records.
Sample '2062228': matched 56990 sample loci to 56246 catalog loci; wrote 765182 records.
Sample '2062229': matched 55599 sample loci to 54815 catalog loci; wrote 673643 records.
Sample '2062240': matched 48664 sample loci to 48249 catalog loci; wrote 753115 records.
Sample '2062241': matched 70472 sample loci to 69511 catalog loci; wrote 1088438 records.
Sample '2062242': matched 51183 sample loci to 50516 catalog loci; wrote 739597 records.

tsv2bam is done.
