populations v2.64, executed 2025-10-06 09:51:03 (zlib-1.2.11)
populations -P alti -O alti_populations_90 -M popmap-alt80 -R 0.9 --min-maf 0.05 --write-single-snp --vcf --fstats -t 16
Locus/sample distributions will be written to 'alti_populations_90/populations.log.distribs'.
populations parameters selected:
  Percent samples limit per population: 0
  Locus Population limit: 1
  Percent samples overall: 0.9
  Minor allele frequency cutoff: 0.05
  Maximum observed heterozygosity cutoff: 1
  Applying Fst correction: none.
  Pi/Fis kernel smoothing: off
  F-stats kernel smoothing: off
  Bootstrap resampling: off

Parsing population map...
The population map contained 80 samples, 3 population(s), 1 group(s).
Working on 80 samples.
Working on 3 population(s):
    north: 2062150, 2062151, 2062152, 2062154, 2062164, 2062165, 2062166, 2062167, 2062168, 2062169, 2062170, 2062171, 2062172, 2062173, 
           2062174, 2062175, 2062176, 2062177, 2062178, 2062179, 2062180, 2062181, 2062182, 2062183, 2062185, 2062186, 2062187, 2062343
    south: 2062188, 2062189, 2062191, 2062192, 2062196, 2062198, 2062199, 2062200, 2062202, 2062204, 2062205, 2062206, 2062207, 2062208, 
           2062209, 2062210, 2062211, 2062212, 2062213, 2062215, 2062216, 2062217, 2062218, 2062219, 2062220, 2062221, 2062222, 2062223, 
           2062224, 2062225, 2062226, 2062230, 2062231, 2062232, 2062233, 2062234, 2062235, 2062236, 2062237, 2062238, 2062239, 2070207
    west: 2062155, 2062156, 2062157, 2062158, 2062227, 2062228, 2062229, 2062240, 2062241, 2062242
Working on 1 group(s) of populations:
    defaultgrp: north, south, west

SNPs and calls will be written in VCF format to 'alti_populations_90/populations.snps.vcf'
Raw haplotypes will be written to 'alti_populations_90/populations.haplotypes.tsv'
Population-level summary statistics will be written to 'alti_populations_90/populations.sumstats.tsv'
Population-level haplotype summary statistics will be written to 'alti_populations_90/populations.hapstats.tsv'

Processing data in batches:
  * load a batch of catalog loci and apply filters
  * compute SNP- and haplotype-wise per-population statistics
  * compute F-statistics
  * write the above statistics in the output files
  * export the genotypes/haplotypes in specified format(s)
More details in 'alti_populations_90/populations.log.distribs'.

Now processing...
Batch 1 

Removed 711782 loci that did not pass sample/population constraints from 721544 loci.
Kept 9762 loci, composed of 606565 sites; 34648 of those sites were filtered, 4175 variant sites remained.
Mean genotyped sites per locus: 62.14bp (stderr 0.01).

Population summary statistics (more detail in populations.sumstats_summary.tsv):
  north: 26.524 samples per locus; pi: 0.24721; all/variant/polymorphic sites: 606565/4175/3730; private alleles: 87
  south: 38.227 samples per locus; pi: 0.23627; all/variant/polymorphic sites: 606565/4175/3865; private alleles: 133
  west: 9.5693 samples per locus; pi: 0.22616; all/variant/polymorphic sites: 606565/4175/2766; private alleles: 128

Population pair divergence statistics (more in populations.fst_summary.tsv and populations.phistats_summary.tsv):
  north-south: mean Fst: 0.03345; mean Phi_st: 0.048143; mean Fst': 0.021109; mean Dxy: 0.0044454
  north-west: mean Fst: 0.093082; mean Phi_st: 0.1419; mean Fst': 0.091707; mean Dxy: 0.0052032
  south-west: mean Fst: 0.084833; mean Phi_st: 0.14509; mean Fst': 0.090388; mean Dxy: 0.0050755

Populations is done.
