populations v2.64, executed 2025-10-03 13:31:56 (zlib-1.2.11)
populations -P grp/ -O grp_populations_90 -M popmap-grp41 -R 0.9 --min-maf 0.05 --write-single-snp --vcf --fstats -t 16
Locus/sample distributions will be written to 'grp_populations_90/populations.log.distribs'.
populations parameters selected:
  Percent samples limit per population: 0
  Locus Population limit: 1
  Percent samples overall: 0.9
  Minor allele frequency cutoff: 0.05
  Maximum observed heterozygosity cutoff: 1
  Applying Fst correction: none.
  Pi/Fis kernel smoothing: off
  F-stats kernel smoothing: off
  Bootstrap resampling: off

Parsing population map...
The population map contained 41 samples, 4 population(s), 1 group(s).
Working on 41 samples.
Working on 4 population(s):
    Preit: 3005842, 3005852, 3005888, 3005891, 3005899, 3005900, 3005911, 3005912, 3005924, 3006912, 3006944, 3006949
    Psaxi: 3005841, 3005853, 3005865, 3005877, 3005889, 3005901, 3005903
    Psche: 2990934, 2990940, 3005839, 3005851, 3005863, 3005874, 3005875, 3005886, 3005887, 3006939, 3006940, 3006945
    Pteri: 3005843, 3005854, 3005855, 3005867, 3005890, 3005902, 3005914, 3005926, 3006928, 3006934
Working on 1 group(s) of populations:
    defaultgrp: Preit, Psaxi, Psche, Pteri

SNPs and calls will be written in VCF format to 'grp_populations_90/populations.snps.vcf'
Raw haplotypes will be written to 'grp_populations_90/populations.haplotypes.tsv'
Population-level summary statistics will be written to 'grp_populations_90/populations.sumstats.tsv'
Population-level haplotype summary statistics will be written to 'grp_populations_90/populations.hapstats.tsv'

Processing data in batches:
  * load a batch of catalog loci and apply filters
  * compute SNP- and haplotype-wise per-population statistics
  * compute F-statistics
  * write the above statistics in the output files
  * export the genotypes/haplotypes in specified format(s)
More details in 'grp_populations_90/populations.log.distribs'.

Now processing...
Batch 1 

Removed 117109 loci that did not pass sample/population constraints from 117224 loci.
Kept 115 loci, composed of 11751 sites; 205 of those sites were filtered, 45 variant sites remained.
Mean genotyped sites per locus: 102.18bp (stderr 0.16).

Population summary statistics (more detail in populations.sumstats_summary.tsv):
  Preit: 11.489 samples per locus; pi: 0.070104; all/variant/polymorphic sites: 11751/45/10; private alleles: 2
  Psaxi: 6.3778 samples per locus; pi: 0.1083; all/variant/polymorphic sites: 11751/45/12; private alleles: 3
  Psche: 10.978 samples per locus; pi: 0.17274; all/variant/polymorphic sites: 11751/45/21; private alleles: 10
  Pteri: 9.3778 samples per locus; pi: 0.1853; all/variant/polymorphic sites: 11751/45/21; private alleles: 8

Population pair divergence statistics (more in populations.fst_summary.tsv and populations.phistats_summary.tsv):
  Preit-Psaxi: mean Fst: 0.1543; mean Phi_st: 0.20541; mean Fst': 0.12765; mean Dxy: 0.0032034
  Preit-Psche: mean Fst: 0.33941; mean Phi_st: 0.40662; mean Fst': 0.31669; mean Dxy: 0.0043702
  Preit-Pteri: mean Fst: 0.37644; mean Phi_st: 0.45747; mean Fst': 0.3591; mean Dxy: 0.0048541
  Psaxi-Psche: mean Fst: 0.30716; mean Phi_st: 0.38405; mean Fst': 0.30444; mean Dxy: 0.0045154
  Psaxi-Pteri: mean Fst: 0.3169; mean Phi_st: 0.39899; mean Fst': 0.31109; mean Dxy: 0.0046591
  Psche-Pteri: mean Fst: 0.2217; mean Phi_st: 0.29041; mean Fst': 0.19504; mean Dxy: 0.0039719

Populations is done.
